Jul 11, 2020 10:59:28 PM Utility.SerializationFunctions Serialize
INFO: Object has been serialized
Jul 11, 2020 10:59:29 PM Utility.SerializationFunctions Serialize
INFO: Object has been serialized
Jul 11, 2020 10:59:29 PM Utility.SerializationFunctions Serialize
INFO: Object has been serialized
Jul 11, 2020 10:59:29 PM Utility.SerializationFunctions Serialize
INFO: Object has been serialized
Jul 11, 2020 10:59:29 PM Utility.SerializationFunctions Serialize
INFO: Object has been serialized
Jul 11, 2020 10:59:29 PM Utility.SerializationFunctions Serialize
INFO: Object has been serialized
Jul 11, 2020 10:59:29 PM Utility.SerializationFunctions Serialize
INFO: Object has been serialized
Jul 11, 2020 10:59:29 PM Utility.SerializationFunctions Serialize
INFO: Object has been serialized
Jul 11, 2020 10:59:29 PM Utility.SerializationFunctions Serialize
INFO: Object has been serialized
Jul 11, 2020 10:59:29 PM Utility.SerializationFunctions Serialize
INFO: Object has been serialized
Jul 11, 2020 10:59:29 PM Utility.SerializationFunctions Serialize
INFO: Object has been serialized
Jul 11, 2020 10:59:29 PM Utility.SerializationFunctions Serialize
INFO: Object has been serialized
Jul 11, 2020 10:59:29 PM Utility.SerializationFunctions Serialize
INFO: Object has been serialized
Jul 11, 2020 10:59:29 PM Utility.SerializationFunctions Serialize
INFO: Object has been serialized
Jul 11, 2020 10:59:29 PM Utility.SerializationFunctions Serialize
INFO: Object has been serialized
Jul 11, 2020 10:59:29 PM Utility.SerializationFunctions Serialize
INFO: Object has been serialized
Jul 11, 2020 10:59:29 PM Utility.SerializationFunctions Serialize
INFO: Object has been serialized
Jul 11, 2020 10:59:29 PM Utility.SerializationFunctions Serialize
INFO: Object has been serialized
Jul 11, 2020 10:59:29 PM Utility.SerializationFunctions Serialize
INFO: Object has been serialized
Jul 11, 2020 10:59:29 PM Utility.SerializationFunctions Serialize
INFO: Object has been serialized
Jul 11, 2020 10:59:29 PM Utility.SerializationFunctions Serialize
INFO: Object has been serialized
Jul 11, 2020 10:59:29 PM Utility.SerializationFunctions Serialize
INFO: Object has been serialized
Jul 11, 2020 10:59:29 PM Utility.SerializationFunctions Serialize
INFO: Object has been serialized
Jul 11, 2020 10:59:29 PM Utility.SerializationFunctions Serialize
INFO: Object has been serialized
Jul 11, 2020 10:59:29 PM Utility.SerializationFunctions Serialize
INFO: Object has been serialized
Jul 11, 2020 10:59:29 PM Utility.SerializationFunctions Serialize
INFO: Object has been serialized
Jul 11, 2020 10:59:29 PM Utility.SerializationFunctions Serialize
INFO: Object has been serialized
Jul 11, 2020 10:59:29 PM Utility.SerializationFunctions Serialize
INFO: Object has been serialized
Jul 11, 2020 10:59:29 PM Utility.SerializationFunctions Serialize
INFO: Object has been serialized
Jul 11, 2020 10:59:29 PM Utility.SerializationFunctions Serialize
INFO: Object has been serialized
Jul 11, 2020 10:59:29 PM Utility.SerializationFunctions Serialize
INFO: Object has been serialized
Jul 11, 2020 10:59:29 PM Utility.SerializationFunctions Serialize
INFO: Object has been serialized
Jul 11, 2020 10:59:29 PM Utility.SerializationFunctions Serialize
INFO: Object has been serialized
Jul 11, 2020 10:59:29 PM Utility.SerializationFunctions Serialize
INFO: Object has been serialized
Jul 11, 2020 10:59:29 PM Utility.SerializationFunctions Serialize
INFO: Object has been serialized
Jul 11, 2020 10:59:29 PM Utility.SerializationFunctions Serialize
INFO: Object has been serialized
Jul 11, 2020 10:59:29 PM Utility.SerializationFunctions Serialize
INFO: Object has been serialized
Jul 11, 2020 10:59:29 PM Utility.SerializationFunctions Serialize
INFO: Object has been serialized
Jul 11, 2020 10:59:29 PM Utility.SerializationFunctions Serialize
INFO: Object has been serialized
Jul 11, 2020 10:59:29 PM Utility.SerializationFunctions Serialize
INFO: Object has been serialized
Jul 11, 2020 10:59:29 PM Utility.SerializationFunctions Serialize
INFO: Object has been serialized
Jul 11, 2020 10:59:29 PM Utility.SerializationFunctions Serialize
INFO: Object has been serialized
Jul 11, 2020 10:59:29 PM Utility.SerializationFunctions Serialize
INFO: Object has been serialized
Jul 11, 2020 10:59:29 PM Utility.SerializationFunctions Serialize
INFO: Object has been serialized
Jul 11, 2020 10:59:29 PM Utility.SerializationFunctions Serialize
INFO: Object has been serialized
Jul 11, 2020 10:59:29 PM Utility.SerializationFunctions Serialize
INFO: Object has been serialized
Jul 11, 2020 10:59:39 PM User.PasswordUsername PasswordValidityCheck
INFO: Checking password validity
Jul 11, 2020 10:59:39 PM LoggingModule.LoggingClass openUserLogger
INFO: user logger opened
