Jul 11, 2020 8:33:31 PM Utility.SerializationFunctions Serialize
INFO: Object has been serialized
Jul 11, 2020 8:33:31 PM Utility.SerializationFunctions Serialize
INFO: Object has been serialized
Jul 11, 2020 8:33:31 PM Utility.SerializationFunctions Serialize
INFO: Object has been serialized
Jul 11, 2020 8:33:31 PM Utility.SerializationFunctions Serialize
INFO: Object has been serialized
Jul 11, 2020 8:33:31 PM Utility.SerializationFunctions Serialize
INFO: Object has been serialized
Jul 11, 2020 8:33:31 PM Utility.SerializationFunctions Serialize
INFO: Object has been serialized
Jul 11, 2020 8:33:31 PM Utility.SerializationFunctions Serialize
INFO: Object has been serialized
Jul 11, 2020 8:33:31 PM Utility.SerializationFunctions Serialize
INFO: Object has been serialized
Jul 11, 2020 8:33:31 PM Utility.SerializationFunctions Serialize
INFO: Object has been serialized
Jul 11, 2020 8:33:31 PM Utility.SerializationFunctions Serialize
INFO: Object has been serialized
Jul 11, 2020 8:33:31 PM Utility.SerializationFunctions Serialize
INFO: Object has been serialized
Jul 11, 2020 8:33:31 PM Utility.SerializationFunctions Serialize
INFO: Object has been serialized
Jul 11, 2020 8:33:31 PM Utility.SerializationFunctions Serialize
INFO: Object has been serialized
Jul 11, 2020 8:33:32 PM Utility.SerializationFunctions Serialize
INFO: Object has been serialized
Jul 11, 2020 8:33:32 PM Utility.SerializationFunctions Serialize
INFO: Object has been serialized
Jul 11, 2020 8:33:32 PM Utility.SerializationFunctions Serialize
INFO: Object has been serialized
Jul 11, 2020 8:33:32 PM Utility.SerializationFunctions Serialize
INFO: Object has been serialized
Jul 11, 2020 8:33:32 PM Utility.SerializationFunctions Serialize
INFO: Object has been serialized
Jul 11, 2020 8:33:32 PM Utility.SerializationFunctions Serialize
INFO: Object has been serialized
Jul 11, 2020 8:33:32 PM Utility.SerializationFunctions Serialize
INFO: Object has been serialized
Jul 11, 2020 8:33:32 PM Utility.SerializationFunctions Serialize
INFO: Object has been serialized
Jul 11, 2020 8:33:32 PM Utility.SerializationFunctions Serialize
INFO: Object has been serialized
Jul 11, 2020 8:33:32 PM Utility.SerializationFunctions Serialize
INFO: Object has been serialized
Jul 11, 2020 8:33:32 PM Utility.SerializationFunctions Serialize
INFO: Object has been serialized
Jul 11, 2020 8:33:32 PM Utility.SerializationFunctions Serialize
INFO: Object has been serialized
Jul 11, 2020 8:33:32 PM Utility.SerializationFunctions Serialize
INFO: Object has been serialized
Jul 11, 2020 8:33:32 PM Utility.SerializationFunctions Serialize
INFO: Object has been serialized
Jul 11, 2020 8:33:32 PM Utility.SerializationFunctions Serialize
INFO: Object has been serialized
Jul 11, 2020 8:33:32 PM Utility.SerializationFunctions Serialize
INFO: Object has been serialized
Jul 11, 2020 8:33:32 PM Utility.SerializationFunctions Serialize
INFO: Object has been serialized
Jul 11, 2020 8:33:32 PM Utility.SerializationFunctions Serialize
INFO: Object has been serialized
Jul 11, 2020 8:33:32 PM Utility.SerializationFunctions Serialize
INFO: Object has been serialized
Jul 11, 2020 8:33:32 PM Utility.SerializationFunctions Serialize
INFO: Object has been serialized
Jul 11, 2020 8:33:32 PM Utility.SerializationFunctions Serialize
INFO: Object has been serialized
Jul 11, 2020 8:33:32 PM Utility.SerializationFunctions Serialize
INFO: Object has been serialized
Jul 11, 2020 8:33:32 PM Utility.SerializationFunctions Serialize
INFO: Object has been serialized
Jul 11, 2020 8:33:32 PM Utility.SerializationFunctions Serialize
INFO: Object has been serialized
Jul 11, 2020 8:33:32 PM Utility.SerializationFunctions Serialize
INFO: Object has been serialized
Jul 11, 2020 8:33:32 PM Utility.SerializationFunctions Serialize
INFO: Object has been serialized
Jul 11, 2020 8:33:32 PM Utility.SerializationFunctions Serialize
INFO: Object has been serialized
Jul 11, 2020 8:33:32 PM Utility.SerializationFunctions Serialize
INFO: Object has been serialized
Jul 11, 2020 8:33:32 PM Utility.SerializationFunctions Serialize
INFO: Object has been serialized
Jul 11, 2020 8:33:32 PM Utility.SerializationFunctions Serialize
INFO: Object has been serialized
Jul 11, 2020 8:33:32 PM Utility.SerializationFunctions Serialize
INFO: Object has been serialized
Jul 11, 2020 8:33:32 PM Utility.SerializationFunctions Serialize
INFO: Object has been serialized
Jul 11, 2020 8:33:32 PM Utility.SerializationFunctions Serialize
INFO: Object has been serialized
Jul 11, 2020 8:33:44 PM User.PasswordUsername PasswordValidityCheck
INFO: Checking password validity
Jul 11, 2020 8:33:44 PM LoggingModule.LoggingClass openUserLogger
INFO: user logger opened
