Jul 11, 2020 6:02:43 PM Utility.SerializationFunctions Serialize
INFO: Object has been serialized
Jul 11, 2020 6:02:43 PM Utility.SerializationFunctions Serialize
INFO: Object has been serialized
Jul 11, 2020 6:02:43 PM Utility.SerializationFunctions Serialize
INFO: Object has been serialized
Jul 11, 2020 6:02:43 PM Utility.SerializationFunctions Serialize
INFO: Object has been serialized
Jul 11, 2020 6:02:43 PM Utility.SerializationFunctions Serialize
INFO: Object has been serialized
Jul 11, 2020 6:02:43 PM Utility.SerializationFunctions Serialize
INFO: Object has been serialized
Jul 11, 2020 6:02:43 PM Utility.SerializationFunctions Serialize
INFO: Object has been serialized
Jul 11, 2020 6:02:43 PM Utility.SerializationFunctions Serialize
INFO: Object has been serialized
Jul 11, 2020 6:02:43 PM Utility.SerializationFunctions Serialize
INFO: Object has been serialized
Jul 11, 2020 6:02:43 PM Utility.SerializationFunctions Serialize
INFO: Object has been serialized
Jul 11, 2020 6:02:43 PM Utility.SerializationFunctions Serialize
INFO: Object has been serialized
Jul 11, 2020 6:02:43 PM Utility.SerializationFunctions Serialize
INFO: Object has been serialized
Jul 11, 2020 6:02:43 PM Utility.SerializationFunctions Serialize
INFO: Object has been serialized
Jul 11, 2020 6:02:43 PM Utility.SerializationFunctions Serialize
INFO: Object has been serialized
Jul 11, 2020 6:02:43 PM Utility.SerializationFunctions Serialize
INFO: Object has been serialized
Jul 11, 2020 6:02:43 PM Utility.SerializationFunctions Serialize
INFO: Object has been serialized
Jul 11, 2020 6:02:43 PM Utility.SerializationFunctions Serialize
INFO: Object has been serialized
Jul 11, 2020 6:02:43 PM Utility.SerializationFunctions Serialize
INFO: Object has been serialized
Jul 11, 2020 6:02:43 PM Utility.SerializationFunctions Serialize
INFO: Object has been serialized
Jul 11, 2020 6:02:43 PM Utility.SerializationFunctions Serialize
INFO: Object has been serialized
Jul 11, 2020 6:02:43 PM Utility.SerializationFunctions Serialize
INFO: Object has been serialized
Jul 11, 2020 6:02:43 PM Utility.SerializationFunctions Serialize
INFO: Object has been serialized
Jul 11, 2020 6:02:43 PM Utility.SerializationFunctions Serialize
INFO: Object has been serialized
Jul 11, 2020 6:02:43 PM Utility.SerializationFunctions Serialize
INFO: Object has been serialized
Jul 11, 2020 6:02:43 PM Utility.SerializationFunctions Serialize
INFO: Object has been serialized
Jul 11, 2020 6:02:43 PM Utility.SerializationFunctions Serialize
INFO: Object has been serialized
Jul 11, 2020 6:02:43 PM Utility.SerializationFunctions Serialize
INFO: Object has been serialized
Jul 11, 2020 6:02:43 PM Utility.SerializationFunctions Serialize
INFO: Object has been serialized
Jul 11, 2020 6:02:43 PM Utility.SerializationFunctions Serialize
INFO: Object has been serialized
Jul 11, 2020 6:02:43 PM Utility.SerializationFunctions Serialize
INFO: Object has been serialized
Jul 11, 2020 6:02:43 PM Utility.SerializationFunctions Serialize
INFO: Object has been serialized
Jul 11, 2020 6:02:43 PM Utility.SerializationFunctions Serialize
INFO: Object has been serialized
Jul 11, 2020 6:02:43 PM Utility.SerializationFunctions Serialize
INFO: Object has been serialized
Jul 11, 2020 6:02:43 PM Utility.SerializationFunctions Serialize
INFO: Object has been serialized
Jul 11, 2020 6:02:43 PM Utility.SerializationFunctions Serialize
INFO: Object has been serialized
Jul 11, 2020 6:02:43 PM Utility.SerializationFunctions Serialize
INFO: Object has been serialized
Jul 11, 2020 6:02:43 PM Utility.SerializationFunctions Serialize
INFO: Object has been serialized
Jul 11, 2020 6:02:43 PM Utility.SerializationFunctions Serialize
INFO: Object has been serialized
Jul 11, 2020 6:02:43 PM Utility.SerializationFunctions Serialize
INFO: Object has been serialized
Jul 11, 2020 6:02:43 PM Utility.SerializationFunctions Serialize
INFO: Object has been serialized
Jul 11, 2020 6:02:43 PM Utility.SerializationFunctions Serialize
INFO: Object has been serialized
Jul 11, 2020 6:02:43 PM Utility.SerializationFunctions Serialize
INFO: Object has been serialized
Jul 11, 2020 6:02:43 PM Utility.SerializationFunctions Serialize
INFO: Object has been serialized
Jul 11, 2020 6:02:43 PM Utility.SerializationFunctions Serialize
INFO: Object has been serialized
Jul 11, 2020 6:02:43 PM Utility.SerializationFunctions Serialize
INFO: Object has been serialized
Jul 11, 2020 6:02:43 PM Utility.SerializationFunctions Serialize
INFO: Object has been serialized
Jul 11, 2020 6:02:54 PM User.PasswordUsername PasswordValidityCheck
INFO: Checking password validity
Jul 11, 2020 6:02:54 PM LoggingModule.LoggingClass openUserLogger
INFO: user logger opened
Jul 11, 2020 6:03:18 PM Utility.SerializationFunctions Serialize
INFO: Object has been serialized
Jul 11, 2020 6:06:12 PM Utility.SerializationFunctions Serialize
INFO: Object has been serialized
