Jul 11, 2020 7:27:10 PM Utility.SerializationFunctions Serialize
INFO: Object has been serialized
Jul 11, 2020 7:27:10 PM Utility.SerializationFunctions Serialize
INFO: Object has been serialized
Jul 11, 2020 7:27:10 PM Utility.SerializationFunctions Serialize
INFO: Object has been serialized
Jul 11, 2020 7:27:10 PM Utility.SerializationFunctions Serialize
INFO: Object has been serialized
Jul 11, 2020 7:27:10 PM Utility.SerializationFunctions Serialize
INFO: Object has been serialized
Jul 11, 2020 7:27:10 PM Utility.SerializationFunctions Serialize
INFO: Object has been serialized
Jul 11, 2020 7:27:10 PM Utility.SerializationFunctions Serialize
INFO: Object has been serialized
Jul 11, 2020 7:27:10 PM Utility.SerializationFunctions Serialize
INFO: Object has been serialized
Jul 11, 2020 7:27:10 PM Utility.SerializationFunctions Serialize
INFO: Object has been serialized
Jul 11, 2020 7:27:10 PM Utility.SerializationFunctions Serialize
INFO: Object has been serialized
Jul 11, 2020 7:27:10 PM Utility.SerializationFunctions Serialize
INFO: Object has been serialized
Jul 11, 2020 7:27:10 PM Utility.SerializationFunctions Serialize
INFO: Object has been serialized
Jul 11, 2020 7:27:10 PM Utility.SerializationFunctions Serialize
INFO: Object has been serialized
Jul 11, 2020 7:27:10 PM Utility.SerializationFunctions Serialize
INFO: Object has been serialized
Jul 11, 2020 7:27:10 PM Utility.SerializationFunctions Serialize
INFO: Object has been serialized
Jul 11, 2020 7:27:10 PM Utility.SerializationFunctions Serialize
INFO: Object has been serialized
Jul 11, 2020 7:27:10 PM Utility.SerializationFunctions Serialize
INFO: Object has been serialized
Jul 11, 2020 7:27:10 PM Utility.SerializationFunctions Serialize
INFO: Object has been serialized
Jul 11, 2020 7:27:10 PM Utility.SerializationFunctions Serialize
INFO: Object has been serialized
Jul 11, 2020 7:27:10 PM Utility.SerializationFunctions Serialize
INFO: Object has been serialized
Jul 11, 2020 7:27:10 PM Utility.SerializationFunctions Serialize
INFO: Object has been serialized
Jul 11, 2020 7:27:10 PM Utility.SerializationFunctions Serialize
INFO: Object has been serialized
Jul 11, 2020 7:27:10 PM Utility.SerializationFunctions Serialize
INFO: Object has been serialized
Jul 11, 2020 7:27:10 PM Utility.SerializationFunctions Serialize
INFO: Object has been serialized
Jul 11, 2020 7:27:10 PM Utility.SerializationFunctions Serialize
INFO: Object has been serialized
Jul 11, 2020 7:27:10 PM Utility.SerializationFunctions Serialize
INFO: Object has been serialized
Jul 11, 2020 7:27:10 PM Utility.SerializationFunctions Serialize
INFO: Object has been serialized
Jul 11, 2020 7:27:10 PM Utility.SerializationFunctions Serialize
INFO: Object has been serialized
Jul 11, 2020 7:27:10 PM Utility.SerializationFunctions Serialize
INFO: Object has been serialized
Jul 11, 2020 7:27:10 PM Utility.SerializationFunctions Serialize
INFO: Object has been serialized
Jul 11, 2020 7:27:10 PM Utility.SerializationFunctions Serialize
INFO: Object has been serialized
Jul 11, 2020 7:27:10 PM Utility.SerializationFunctions Serialize
INFO: Object has been serialized
Jul 11, 2020 7:27:10 PM Utility.SerializationFunctions Serialize
INFO: Object has been serialized
Jul 11, 2020 7:27:10 PM Utility.SerializationFunctions Serialize
INFO: Object has been serialized
Jul 11, 2020 7:27:10 PM Utility.SerializationFunctions Serialize
INFO: Object has been serialized
Jul 11, 2020 7:27:10 PM Utility.SerializationFunctions Serialize
INFO: Object has been serialized
Jul 11, 2020 7:27:10 PM Utility.SerializationFunctions Serialize
INFO: Object has been serialized
Jul 11, 2020 7:27:10 PM Utility.SerializationFunctions Serialize
INFO: Object has been serialized
Jul 11, 2020 7:27:10 PM Utility.SerializationFunctions Serialize
INFO: Object has been serialized
Jul 11, 2020 7:27:10 PM Utility.SerializationFunctions Serialize
INFO: Object has been serialized
Jul 11, 2020 7:27:10 PM Utility.SerializationFunctions Serialize
INFO: Object has been serialized
Jul 11, 2020 7:27:10 PM Utility.SerializationFunctions Serialize
INFO: Object has been serialized
Jul 11, 2020 7:27:10 PM Utility.SerializationFunctions Serialize
INFO: Object has been serialized
Jul 11, 2020 7:27:10 PM Utility.SerializationFunctions Serialize
INFO: Object has been serialized
Jul 11, 2020 7:27:10 PM Utility.SerializationFunctions Serialize
INFO: Object has been serialized
Jul 11, 2020 7:27:10 PM Utility.SerializationFunctions Serialize
INFO: Object has been serialized
Jul 11, 2020 7:27:22 PM User.PasswordUsername PasswordValidityCheck
INFO: Checking password validity
Jul 11, 2020 7:27:22 PM LoggingModule.LoggingClass openUserLogger
INFO: user logger opened
