Jul 10, 2020 9:59:34 AM Utility.SerializationFunctions Serialize
INFO: Object has been serialized
Jul 10, 2020 9:59:34 AM Utility.SerializationFunctions Serialize
INFO: Object has been serialized
Jul 10, 2020 9:59:34 AM Utility.SerializationFunctions Serialize
INFO: Object has been serialized
Jul 10, 2020 9:59:34 AM Utility.SerializationFunctions Serialize
INFO: Object has been serialized
Jul 10, 2020 9:59:34 AM Utility.SerializationFunctions Serialize
INFO: Object has been serialized
Jul 10, 2020 9:59:34 AM Utility.SerializationFunctions Serialize
INFO: Object has been serialized
Jul 10, 2020 9:59:34 AM Utility.SerializationFunctions Serialize
INFO: Object has been serialized
Jul 10, 2020 9:59:34 AM Utility.SerializationFunctions Serialize
INFO: Object has been serialized
Jul 10, 2020 9:59:34 AM Utility.SerializationFunctions Serialize
INFO: Object has been serialized
Jul 10, 2020 9:59:34 AM Utility.SerializationFunctions Serialize
INFO: Object has been serialized
Jul 10, 2020 9:59:34 AM Utility.SerializationFunctions Serialize
INFO: Object has been serialized
Jul 10, 2020 9:59:34 AM Utility.SerializationFunctions Serialize
INFO: Object has been serialized
Jul 10, 2020 9:59:34 AM Utility.SerializationFunctions Serialize
INFO: Object has been serialized
Jul 10, 2020 9:59:34 AM Utility.SerializationFunctions Serialize
INFO: Object has been serialized
Jul 10, 2020 9:59:34 AM Utility.SerializationFunctions Serialize
INFO: Object has been serialized
Jul 10, 2020 9:59:34 AM Utility.SerializationFunctions Serialize
INFO: Object has been serialized
Jul 10, 2020 9:59:35 AM Utility.SerializationFunctions Serialize
INFO: Object has been serialized
Jul 10, 2020 9:59:35 AM Utility.SerializationFunctions Serialize
INFO: Object has been serialized
Jul 10, 2020 9:59:35 AM Utility.SerializationFunctions Serialize
INFO: Object has been serialized
Jul 10, 2020 9:59:35 AM Utility.SerializationFunctions Serialize
INFO: Object has been serialized
Jul 10, 2020 9:59:35 AM Utility.SerializationFunctions Serialize
INFO: Object has been serialized
Jul 10, 2020 9:59:35 AM Utility.SerializationFunctions Serialize
INFO: Object has been serialized
Jul 10, 2020 9:59:35 AM Utility.SerializationFunctions Serialize
INFO: Object has been serialized
Jul 10, 2020 9:59:35 AM Utility.SerializationFunctions Serialize
INFO: Object has been serialized
Jul 10, 2020 9:59:35 AM Utility.SerializationFunctions Serialize
INFO: Object has been serialized
Jul 10, 2020 9:59:35 AM Utility.SerializationFunctions Serialize
INFO: Object has been serialized
Jul 10, 2020 9:59:35 AM Utility.SerializationFunctions Serialize
INFO: Object has been serialized
Jul 10, 2020 9:59:35 AM Utility.SerializationFunctions Serialize
INFO: Object has been serialized
Jul 10, 2020 9:59:35 AM Utility.SerializationFunctions Serialize
INFO: Object has been serialized
Jul 10, 2020 9:59:35 AM Utility.SerializationFunctions Serialize
INFO: Object has been serialized
Jul 10, 2020 9:59:35 AM Utility.SerializationFunctions Serialize
INFO: Object has been serialized
Jul 10, 2020 9:59:35 AM Utility.SerializationFunctions Serialize
INFO: Object has been serialized
Jul 10, 2020 9:59:35 AM Utility.SerializationFunctions Serialize
INFO: Object has been serialized
Jul 10, 2020 9:59:35 AM Utility.SerializationFunctions Serialize
INFO: Object has been serialized
Jul 10, 2020 9:59:35 AM Utility.SerializationFunctions Serialize
INFO: Object has been serialized
Jul 10, 2020 9:59:35 AM Utility.SerializationFunctions Serialize
INFO: Object has been serialized
Jul 10, 2020 9:59:35 AM Utility.SerializationFunctions Serialize
INFO: Object has been serialized
Jul 10, 2020 9:59:35 AM Utility.SerializationFunctions Serialize
INFO: Object has been serialized
Jul 10, 2020 9:59:35 AM Utility.SerializationFunctions Serialize
INFO: Object has been serialized
Jul 10, 2020 9:59:35 AM Utility.SerializationFunctions Serialize
INFO: Object has been serialized
Jul 10, 2020 9:59:36 AM Utility.SerializationFunctions Serialize
INFO: Object has been serialized
Jul 10, 2020 9:59:36 AM Utility.SerializationFunctions Serialize
INFO: Object has been serialized
Jul 10, 2020 9:59:36 AM Utility.SerializationFunctions Serialize
INFO: Object has been serialized
Jul 10, 2020 9:59:36 AM Utility.SerializationFunctions Serialize
INFO: Object has been serialized
Jul 10, 2020 9:59:36 AM Utility.SerializationFunctions Serialize
INFO: Object has been serialized
Jul 10, 2020 9:59:56 AM User.createUser createAUser
INFO: Assigning userID 0
Jul 10, 2020 9:59:56 AM User.createUser createAUser
INFO: Creating user. Username: t
Jul 10, 2020 9:59:56 AM User.createUser createAUser
INFO: Creating user log
Jul 10, 2020 9:59:56 AM LoggingModule.LoggingClass openUserLogger
INFO: user logger opened
Jul 10, 2020 9:59:56 AM User.createUser createAUser
INFO: Creating user class instance
Jul 10, 2020 9:59:57 AM User.createUser createAUser
INFO: User class instantiated. Serializing
Jul 10, 2020 9:59:57 AM Utility.SerializationFunctions Serialize
INFO: Object has been serialized
