Jul 11, 2020 4:30:42 PM Utility.SerializationFunctions Serialize
INFO: Object has been serialized
Jul 11, 2020 4:30:42 PM Utility.SerializationFunctions Serialize
INFO: Object has been serialized
Jul 11, 2020 4:30:42 PM Utility.SerializationFunctions Serialize
INFO: Object has been serialized
Jul 11, 2020 4:30:42 PM Utility.SerializationFunctions Serialize
INFO: Object has been serialized
Jul 11, 2020 4:30:42 PM Utility.SerializationFunctions Serialize
INFO: Object has been serialized
Jul 11, 2020 4:30:42 PM Utility.SerializationFunctions Serialize
INFO: Object has been serialized
Jul 11, 2020 4:30:42 PM Utility.SerializationFunctions Serialize
INFO: Object has been serialized
Jul 11, 2020 4:30:42 PM Utility.SerializationFunctions Serialize
INFO: Object has been serialized
Jul 11, 2020 4:30:42 PM Utility.SerializationFunctions Serialize
INFO: Object has been serialized
Jul 11, 2020 4:30:42 PM Utility.SerializationFunctions Serialize
INFO: Object has been serialized
Jul 11, 2020 4:30:42 PM Utility.SerializationFunctions Serialize
INFO: Object has been serialized
Jul 11, 2020 4:30:42 PM Utility.SerializationFunctions Serialize
INFO: Object has been serialized
Jul 11, 2020 4:30:42 PM Utility.SerializationFunctions Serialize
INFO: Object has been serialized
Jul 11, 2020 4:30:42 PM Utility.SerializationFunctions Serialize
INFO: Object has been serialized
Jul 11, 2020 4:30:42 PM Utility.SerializationFunctions Serialize
INFO: Object has been serialized
Jul 11, 2020 4:30:42 PM Utility.SerializationFunctions Serialize
INFO: Object has been serialized
Jul 11, 2020 4:30:42 PM Utility.SerializationFunctions Serialize
INFO: Object has been serialized
Jul 11, 2020 4:30:42 PM Utility.SerializationFunctions Serialize
INFO: Object has been serialized
Jul 11, 2020 4:30:42 PM Utility.SerializationFunctions Serialize
INFO: Object has been serialized
Jul 11, 2020 4:30:42 PM Utility.SerializationFunctions Serialize
INFO: Object has been serialized
Jul 11, 2020 4:30:42 PM Utility.SerializationFunctions Serialize
INFO: Object has been serialized
Jul 11, 2020 4:30:42 PM Utility.SerializationFunctions Serialize
INFO: Object has been serialized
Jul 11, 2020 4:30:42 PM Utility.SerializationFunctions Serialize
INFO: Object has been serialized
Jul 11, 2020 4:30:42 PM Utility.SerializationFunctions Serialize
INFO: Object has been serialized
Jul 11, 2020 4:30:42 PM Utility.SerializationFunctions Serialize
INFO: Object has been serialized
Jul 11, 2020 4:30:42 PM Utility.SerializationFunctions Serialize
INFO: Object has been serialized
Jul 11, 2020 4:30:42 PM Utility.SerializationFunctions Serialize
INFO: Object has been serialized
Jul 11, 2020 4:30:42 PM Utility.SerializationFunctions Serialize
INFO: Object has been serialized
Jul 11, 2020 4:30:42 PM Utility.SerializationFunctions Serialize
INFO: Object has been serialized
Jul 11, 2020 4:30:42 PM Utility.SerializationFunctions Serialize
INFO: Object has been serialized
Jul 11, 2020 4:30:42 PM Utility.SerializationFunctions Serialize
INFO: Object has been serialized
Jul 11, 2020 4:30:42 PM Utility.SerializationFunctions Serialize
INFO: Object has been serialized
Jul 11, 2020 4:30:42 PM Utility.SerializationFunctions Serialize
INFO: Object has been serialized
Jul 11, 2020 4:30:42 PM Utility.SerializationFunctions Serialize
INFO: Object has been serialized
Jul 11, 2020 4:30:42 PM Utility.SerializationFunctions Serialize
INFO: Object has been serialized
Jul 11, 2020 4:30:42 PM Utility.SerializationFunctions Serialize
INFO: Object has been serialized
Jul 11, 2020 4:30:42 PM Utility.SerializationFunctions Serialize
INFO: Object has been serialized
Jul 11, 2020 4:30:42 PM Utility.SerializationFunctions Serialize
INFO: Object has been serialized
Jul 11, 2020 4:30:42 PM Utility.SerializationFunctions Serialize
INFO: Object has been serialized
Jul 11, 2020 4:30:42 PM Utility.SerializationFunctions Serialize
INFO: Object has been serialized
Jul 11, 2020 4:30:42 PM Utility.SerializationFunctions Serialize
INFO: Object has been serialized
Jul 11, 2020 4:30:42 PM Utility.SerializationFunctions Serialize
INFO: Object has been serialized
Jul 11, 2020 4:30:42 PM Utility.SerializationFunctions Serialize
INFO: Object has been serialized
Jul 11, 2020 4:30:42 PM Utility.SerializationFunctions Serialize
INFO: Object has been serialized
Jul 11, 2020 4:30:42 PM Utility.SerializationFunctions Serialize
INFO: Object has been serialized
Jul 11, 2020 4:30:42 PM Utility.SerializationFunctions Serialize
INFO: Object has been serialized
Jul 11, 2020 4:31:00 PM User.createUser createAUser
INFO: Assigning userID 0
Jul 11, 2020 4:31:00 PM User.createUser createAUser
INFO: Creating user. Username: t
Jul 11, 2020 4:31:00 PM User.createUser createAUser
INFO: Creating user log
Jul 11, 2020 4:31:00 PM LoggingModule.LoggingClass openUserLogger
INFO: user logger opened
Jul 11, 2020 4:31:00 PM User.createUser createAUser
INFO: Creating user class instance
Jul 11, 2020 4:31:02 PM User.createUser createAUser
INFO: User class instantiated. Serializing
Jul 11, 2020 4:31:02 PM Utility.SerializationFunctions Serialize
INFO: Object has been serialized
