Jul 01, 2020 9:41:38 PM Utility.SerializationFunctions Serialize
INFO: Object has been serialized
Jul 01, 2020 9:41:38 PM Utility.SerializationFunctions Serialize
INFO: Object has been serialized
Jul 01, 2020 9:41:38 PM Utility.SerializationFunctions Serialize
INFO: Object has been serialized
Jul 01, 2020 9:41:38 PM Utility.SerializationFunctions Serialize
INFO: Object has been serialized
Jul 01, 2020 9:41:38 PM Utility.SerializationFunctions Serialize
INFO: Object has been serialized
Jul 01, 2020 9:41:38 PM Utility.SerializationFunctions Serialize
INFO: Object has been serialized
Jul 01, 2020 9:41:39 PM Utility.SerializationFunctions Serialize
INFO: Object has been serialized
Jul 01, 2020 9:41:39 PM Utility.SerializationFunctions Serialize
INFO: Object has been serialized
Jul 01, 2020 9:41:39 PM Utility.SerializationFunctions Serialize
INFO: Object has been serialized
Jul 01, 2020 9:41:39 PM Utility.SerializationFunctions Serialize
INFO: Object has been serialized
Jul 01, 2020 9:41:39 PM Utility.SerializationFunctions Serialize
INFO: Object has been serialized
Jul 01, 2020 9:41:39 PM Utility.SerializationFunctions Serialize
INFO: Object has been serialized
Jul 01, 2020 9:41:39 PM Utility.SerializationFunctions Serialize
INFO: Object has been serialized
Jul 01, 2020 9:41:39 PM Utility.SerializationFunctions Serialize
INFO: Object has been serialized
Jul 01, 2020 9:41:39 PM Utility.SerializationFunctions Serialize
INFO: Object has been serialized
Jul 01, 2020 9:41:39 PM Utility.SerializationFunctions Serialize
INFO: Object has been serialized
Jul 01, 2020 9:41:39 PM Utility.SerializationFunctions Serialize
INFO: Object has been serialized
Jul 01, 2020 9:41:39 PM Utility.SerializationFunctions Serialize
INFO: Object has been serialized
Jul 01, 2020 9:41:39 PM Utility.SerializationFunctions Serialize
INFO: Object has been serialized
Jul 01, 2020 9:41:39 PM Utility.SerializationFunctions Serialize
INFO: Object has been serialized
Jul 01, 2020 9:41:39 PM Utility.SerializationFunctions Serialize
INFO: Object has been serialized
Jul 01, 2020 9:41:39 PM Utility.SerializationFunctions Serialize
INFO: Object has been serialized
Jul 01, 2020 9:41:39 PM Utility.SerializationFunctions Serialize
INFO: Object has been serialized
Jul 01, 2020 9:41:39 PM Utility.SerializationFunctions Serialize
INFO: Object has been serialized
Jul 01, 2020 9:41:39 PM Utility.SerializationFunctions Serialize
INFO: Object has been serialized
Jul 01, 2020 9:41:39 PM Utility.SerializationFunctions Serialize
INFO: Object has been serialized
Jul 01, 2020 9:41:39 PM Utility.SerializationFunctions Serialize
INFO: Object has been serialized
Jul 01, 2020 9:41:39 PM Utility.SerializationFunctions Serialize
INFO: Object has been serialized
Jul 01, 2020 9:41:39 PM Utility.SerializationFunctions Serialize
INFO: Object has been serialized
Jul 01, 2020 9:41:39 PM Utility.SerializationFunctions Serialize
INFO: Object has been serialized
Jul 01, 2020 9:41:39 PM Utility.SerializationFunctions Serialize
INFO: Object has been serialized
Jul 01, 2020 9:41:39 PM Utility.SerializationFunctions Serialize
INFO: Object has been serialized
Jul 01, 2020 9:41:39 PM Utility.SerializationFunctions Serialize
INFO: Object has been serialized
Jul 01, 2020 9:41:39 PM Utility.SerializationFunctions Serialize
INFO: Object has been serialized
Jul 01, 2020 9:41:39 PM Utility.SerializationFunctions Serialize
INFO: Object has been serialized
Jul 01, 2020 9:41:39 PM Utility.SerializationFunctions Serialize
INFO: Object has been serialized
Jul 01, 2020 9:41:39 PM Utility.SerializationFunctions Serialize
INFO: Object has been serialized
Jul 01, 2020 9:41:39 PM Utility.SerializationFunctions Serialize
INFO: Object has been serialized
Jul 01, 2020 9:41:39 PM Utility.SerializationFunctions Serialize
INFO: Object has been serialized
Jul 01, 2020 9:41:39 PM Utility.SerializationFunctions Serialize
INFO: Object has been serialized
Jul 01, 2020 9:41:39 PM Utility.SerializationFunctions Serialize
INFO: Object has been serialized
Jul 01, 2020 9:41:39 PM Utility.SerializationFunctions Serialize
INFO: Object has been serialized
Jul 01, 2020 9:41:39 PM Utility.SerializationFunctions Serialize
INFO: Object has been serialized
Jul 01, 2020 9:41:39 PM Utility.SerializationFunctions Serialize
INFO: Object has been serialized
Jul 01, 2020 9:41:57 PM User.createUser createAUser
INFO: Assigning userID 0
Jul 01, 2020 9:41:57 PM User.createUser createAUser
INFO: Creating user. Username: t
Jul 01, 2020 9:41:57 PM User.createUser createAUser
INFO: Creating user log
Jul 01, 2020 9:41:57 PM LoggingModule.LoggingClass openUserLogger
INFO: user logger opened
Jul 01, 2020 9:41:57 PM User.createUser createAUser
INFO: Creating user class instance
Jul 01, 2020 9:41:57 PM User.createUser createAUser
INFO: User class instantiated. Serializing
Jul 01, 2020 9:41:58 PM Utility.SerializationFunctions Serialize
INFO: Object has been serialized
