Jul 10, 2020 4:44:10 PM Utility.SerializationFunctions Serialize
INFO: Object has been serialized
Jul 10, 2020 4:44:10 PM Utility.SerializationFunctions Serialize
INFO: Object has been serialized
Jul 10, 2020 4:44:10 PM Utility.SerializationFunctions Serialize
INFO: Object has been serialized
Jul 10, 2020 4:44:10 PM Utility.SerializationFunctions Serialize
INFO: Object has been serialized
Jul 10, 2020 4:44:10 PM Utility.SerializationFunctions Serialize
INFO: Object has been serialized
Jul 10, 2020 4:44:10 PM Utility.SerializationFunctions Serialize
INFO: Object has been serialized
Jul 10, 2020 4:44:10 PM Utility.SerializationFunctions Serialize
INFO: Object has been serialized
Jul 10, 2020 4:44:11 PM Utility.SerializationFunctions Serialize
INFO: Object has been serialized
Jul 10, 2020 4:44:11 PM Utility.SerializationFunctions Serialize
INFO: Object has been serialized
Jul 10, 2020 4:44:11 PM Utility.SerializationFunctions Serialize
INFO: Object has been serialized
Jul 10, 2020 4:44:11 PM Utility.SerializationFunctions Serialize
INFO: Object has been serialized
Jul 10, 2020 4:44:11 PM Utility.SerializationFunctions Serialize
INFO: Object has been serialized
Jul 10, 2020 4:44:11 PM Utility.SerializationFunctions Serialize
INFO: Object has been serialized
Jul 10, 2020 4:44:11 PM Utility.SerializationFunctions Serialize
INFO: Object has been serialized
Jul 10, 2020 4:44:11 PM Utility.SerializationFunctions Serialize
INFO: Object has been serialized
Jul 10, 2020 4:44:11 PM Utility.SerializationFunctions Serialize
INFO: Object has been serialized
Jul 10, 2020 4:44:11 PM Utility.SerializationFunctions Serialize
INFO: Object has been serialized
Jul 10, 2020 4:44:11 PM Utility.SerializationFunctions Serialize
INFO: Object has been serialized
Jul 10, 2020 4:44:11 PM Utility.SerializationFunctions Serialize
INFO: Object has been serialized
Jul 10, 2020 4:44:11 PM Utility.SerializationFunctions Serialize
INFO: Object has been serialized
Jul 10, 2020 4:44:11 PM Utility.SerializationFunctions Serialize
INFO: Object has been serialized
Jul 10, 2020 4:44:11 PM Utility.SerializationFunctions Serialize
INFO: Object has been serialized
Jul 10, 2020 4:44:11 PM Utility.SerializationFunctions Serialize
INFO: Object has been serialized
Jul 10, 2020 4:44:11 PM Utility.SerializationFunctions Serialize
INFO: Object has been serialized
Jul 10, 2020 4:44:11 PM Utility.SerializationFunctions Serialize
INFO: Object has been serialized
Jul 10, 2020 4:44:11 PM Utility.SerializationFunctions Serialize
INFO: Object has been serialized
Jul 10, 2020 4:44:11 PM Utility.SerializationFunctions Serialize
INFO: Object has been serialized
Jul 10, 2020 4:44:11 PM Utility.SerializationFunctions Serialize
INFO: Object has been serialized
Jul 10, 2020 4:44:11 PM Utility.SerializationFunctions Serialize
INFO: Object has been serialized
Jul 10, 2020 4:44:11 PM Utility.SerializationFunctions Serialize
INFO: Object has been serialized
Jul 10, 2020 4:44:11 PM Utility.SerializationFunctions Serialize
INFO: Object has been serialized
Jul 10, 2020 4:44:11 PM Utility.SerializationFunctions Serialize
INFO: Object has been serialized
Jul 10, 2020 4:44:11 PM Utility.SerializationFunctions Serialize
INFO: Object has been serialized
Jul 10, 2020 4:44:11 PM Utility.SerializationFunctions Serialize
INFO: Object has been serialized
Jul 10, 2020 4:44:12 PM Utility.SerializationFunctions Serialize
INFO: Object has been serialized
Jul 10, 2020 4:44:12 PM Utility.SerializationFunctions Serialize
INFO: Object has been serialized
Jul 10, 2020 4:44:12 PM Utility.SerializationFunctions Serialize
INFO: Object has been serialized
Jul 10, 2020 4:44:12 PM Utility.SerializationFunctions Serialize
INFO: Object has been serialized
Jul 10, 2020 4:44:12 PM Utility.SerializationFunctions Serialize
INFO: Object has been serialized
Jul 10, 2020 4:44:12 PM Utility.SerializationFunctions Serialize
INFO: Object has been serialized
Jul 10, 2020 4:44:12 PM Utility.SerializationFunctions Serialize
INFO: Object has been serialized
Jul 10, 2020 4:44:12 PM Utility.SerializationFunctions Serialize
INFO: Object has been serialized
Jul 10, 2020 4:44:12 PM Utility.SerializationFunctions Serialize
INFO: Object has been serialized
Jul 10, 2020 4:44:12 PM Utility.SerializationFunctions Serialize
INFO: Object has been serialized
Jul 10, 2020 4:44:12 PM Utility.SerializationFunctions Serialize
INFO: Object has been serialized
Jul 10, 2020 4:44:25 PM User.createUser createAUser
INFO: Assigning userID 0
Jul 10, 2020 4:44:25 PM User.createUser createAUser
INFO: Creating user. Username: t
Jul 10, 2020 4:44:25 PM User.createUser createAUser
INFO: Creating user log
Jul 10, 2020 4:44:25 PM LoggingModule.LoggingClass openUserLogger
INFO: user logger opened
Jul 10, 2020 4:44:25 PM User.createUser createAUser
INFO: Creating user class instance
Jul 10, 2020 4:44:26 PM User.createUser createAUser
INFO: User class instantiated. Serializing
Jul 10, 2020 4:44:26 PM Utility.SerializationFunctions Serialize
INFO: Object has been serialized
