Jul 11, 2020 9:58:46 PM Utility.SerializationFunctions Serialize
INFO: Object has been serialized
Jul 11, 2020 9:58:46 PM Utility.SerializationFunctions Serialize
INFO: Object has been serialized
Jul 11, 2020 9:58:46 PM Utility.SerializationFunctions Serialize
INFO: Object has been serialized
Jul 11, 2020 9:58:46 PM Utility.SerializationFunctions Serialize
INFO: Object has been serialized
Jul 11, 2020 9:58:47 PM Utility.SerializationFunctions Serialize
INFO: Object has been serialized
Jul 11, 2020 9:58:47 PM Utility.SerializationFunctions Serialize
INFO: Object has been serialized
Jul 11, 2020 9:58:47 PM Utility.SerializationFunctions Serialize
INFO: Object has been serialized
Jul 11, 2020 9:58:47 PM Utility.SerializationFunctions Serialize
INFO: Object has been serialized
Jul 11, 2020 9:58:47 PM Utility.SerializationFunctions Serialize
INFO: Object has been serialized
Jul 11, 2020 9:58:47 PM Utility.SerializationFunctions Serialize
INFO: Object has been serialized
Jul 11, 2020 9:58:47 PM Utility.SerializationFunctions Serialize
INFO: Object has been serialized
Jul 11, 2020 9:58:47 PM Utility.SerializationFunctions Serialize
INFO: Object has been serialized
Jul 11, 2020 9:58:47 PM Utility.SerializationFunctions Serialize
INFO: Object has been serialized
Jul 11, 2020 9:58:47 PM Utility.SerializationFunctions Serialize
INFO: Object has been serialized
Jul 11, 2020 9:58:47 PM Utility.SerializationFunctions Serialize
INFO: Object has been serialized
Jul 11, 2020 9:58:47 PM Utility.SerializationFunctions Serialize
INFO: Object has been serialized
Jul 11, 2020 9:58:47 PM Utility.SerializationFunctions Serialize
INFO: Object has been serialized
Jul 11, 2020 9:58:47 PM Utility.SerializationFunctions Serialize
INFO: Object has been serialized
Jul 11, 2020 9:58:47 PM Utility.SerializationFunctions Serialize
INFO: Object has been serialized
Jul 11, 2020 9:58:47 PM Utility.SerializationFunctions Serialize
INFO: Object has been serialized
Jul 11, 2020 9:58:47 PM Utility.SerializationFunctions Serialize
INFO: Object has been serialized
Jul 11, 2020 9:58:47 PM Utility.SerializationFunctions Serialize
INFO: Object has been serialized
Jul 11, 2020 9:58:47 PM Utility.SerializationFunctions Serialize
INFO: Object has been serialized
Jul 11, 2020 9:58:47 PM Utility.SerializationFunctions Serialize
INFO: Object has been serialized
Jul 11, 2020 9:58:47 PM Utility.SerializationFunctions Serialize
INFO: Object has been serialized
Jul 11, 2020 9:58:47 PM Utility.SerializationFunctions Serialize
INFO: Object has been serialized
Jul 11, 2020 9:58:47 PM Utility.SerializationFunctions Serialize
INFO: Object has been serialized
Jul 11, 2020 9:58:47 PM Utility.SerializationFunctions Serialize
INFO: Object has been serialized
Jul 11, 2020 9:58:47 PM Utility.SerializationFunctions Serialize
INFO: Object has been serialized
Jul 11, 2020 9:58:47 PM Utility.SerializationFunctions Serialize
INFO: Object has been serialized
Jul 11, 2020 9:58:47 PM Utility.SerializationFunctions Serialize
INFO: Object has been serialized
Jul 11, 2020 9:58:47 PM Utility.SerializationFunctions Serialize
INFO: Object has been serialized
Jul 11, 2020 9:58:47 PM Utility.SerializationFunctions Serialize
INFO: Object has been serialized
Jul 11, 2020 9:58:47 PM Utility.SerializationFunctions Serialize
INFO: Object has been serialized
Jul 11, 2020 9:58:47 PM Utility.SerializationFunctions Serialize
INFO: Object has been serialized
Jul 11, 2020 9:58:47 PM Utility.SerializationFunctions Serialize
INFO: Object has been serialized
Jul 11, 2020 9:58:47 PM Utility.SerializationFunctions Serialize
INFO: Object has been serialized
Jul 11, 2020 9:58:47 PM Utility.SerializationFunctions Serialize
INFO: Object has been serialized
Jul 11, 2020 9:58:47 PM Utility.SerializationFunctions Serialize
INFO: Object has been serialized
Jul 11, 2020 9:58:47 PM Utility.SerializationFunctions Serialize
INFO: Object has been serialized
Jul 11, 2020 9:58:47 PM Utility.SerializationFunctions Serialize
INFO: Object has been serialized
Jul 11, 2020 9:58:47 PM Utility.SerializationFunctions Serialize
INFO: Object has been serialized
Jul 11, 2020 9:58:47 PM Utility.SerializationFunctions Serialize
INFO: Object has been serialized
Jul 11, 2020 9:58:47 PM Utility.SerializationFunctions Serialize
INFO: Object has been serialized
Jul 11, 2020 9:58:47 PM Utility.SerializationFunctions Serialize
INFO: Object has been serialized
Jul 11, 2020 9:58:47 PM Utility.SerializationFunctions Serialize
INFO: Object has been serialized
Jul 11, 2020 9:59:04 PM User.createUser createAUser
INFO: Assigning userID 0
Jul 11, 2020 9:59:04 PM User.createUser createAUser
INFO: Creating user. Username: tt
Jul 11, 2020 9:59:04 PM User.createUser createAUser
INFO: Creating user log
Jul 11, 2020 9:59:04 PM LoggingModule.LoggingClass openUserLogger
INFO: user logger opened
Jul 11, 2020 9:59:04 PM User.createUser createAUser
INFO: Creating user class instance
Jul 11, 2020 9:59:05 PM User.createUser createAUser
INFO: User class instantiated. Serializing
Jul 11, 2020 9:59:05 PM Utility.SerializationFunctions Serialize
INFO: Object has been serialized
Jul 11, 2020 9:59:39 PM Utility.SerializationFunctions Serialize
INFO: Object has been serialized
Jul 11, 2020 10:00:05 PM Utility.SerializationFunctions Serialize
INFO: Object has been serialized
