Jul 09, 2020 4:20:51 PM Utility.SerializationFunctions Serialize
INFO: Object has been serialized
Jul 09, 2020 4:20:51 PM Utility.SerializationFunctions Serialize
INFO: Object has been serialized
Jul 09, 2020 4:20:51 PM Utility.SerializationFunctions Serialize
INFO: Object has been serialized
Jul 09, 2020 4:20:51 PM Utility.SerializationFunctions Serialize
INFO: Object has been serialized
Jul 09, 2020 4:20:51 PM Utility.SerializationFunctions Serialize
INFO: Object has been serialized
Jul 09, 2020 4:20:51 PM Utility.SerializationFunctions Serialize
INFO: Object has been serialized
Jul 09, 2020 4:20:51 PM Utility.SerializationFunctions Serialize
INFO: Object has been serialized
Jul 09, 2020 4:20:51 PM Utility.SerializationFunctions Serialize
INFO: Object has been serialized
Jul 09, 2020 4:20:51 PM Utility.SerializationFunctions Serialize
INFO: Object has been serialized
Jul 09, 2020 4:20:51 PM Utility.SerializationFunctions Serialize
INFO: Object has been serialized
Jul 09, 2020 4:20:51 PM Utility.SerializationFunctions Serialize
INFO: Object has been serialized
Jul 09, 2020 4:20:51 PM Utility.SerializationFunctions Serialize
INFO: Object has been serialized
Jul 09, 2020 4:20:51 PM Utility.SerializationFunctions Serialize
INFO: Object has been serialized
Jul 09, 2020 4:20:51 PM Utility.SerializationFunctions Serialize
INFO: Object has been serialized
Jul 09, 2020 4:20:51 PM Utility.SerializationFunctions Serialize
INFO: Object has been serialized
Jul 09, 2020 4:20:51 PM Utility.SerializationFunctions Serialize
INFO: Object has been serialized
Jul 09, 2020 4:20:51 PM Utility.SerializationFunctions Serialize
INFO: Object has been serialized
Jul 09, 2020 4:20:51 PM Utility.SerializationFunctions Serialize
INFO: Object has been serialized
Jul 09, 2020 4:20:51 PM Utility.SerializationFunctions Serialize
INFO: Object has been serialized
Jul 09, 2020 4:20:51 PM Utility.SerializationFunctions Serialize
INFO: Object has been serialized
Jul 09, 2020 4:20:51 PM Utility.SerializationFunctions Serialize
INFO: Object has been serialized
Jul 09, 2020 4:20:51 PM Utility.SerializationFunctions Serialize
INFO: Object has been serialized
Jul 09, 2020 4:20:51 PM Utility.SerializationFunctions Serialize
INFO: Object has been serialized
Jul 09, 2020 4:20:51 PM Utility.SerializationFunctions Serialize
INFO: Object has been serialized
Jul 09, 2020 4:20:51 PM Utility.SerializationFunctions Serialize
INFO: Object has been serialized
Jul 09, 2020 4:20:51 PM Utility.SerializationFunctions Serialize
INFO: Object has been serialized
Jul 09, 2020 4:20:51 PM Utility.SerializationFunctions Serialize
INFO: Object has been serialized
Jul 09, 2020 4:20:51 PM Utility.SerializationFunctions Serialize
INFO: Object has been serialized
Jul 09, 2020 4:20:51 PM Utility.SerializationFunctions Serialize
INFO: Object has been serialized
Jul 09, 2020 4:20:51 PM Utility.SerializationFunctions Serialize
INFO: Object has been serialized
Jul 09, 2020 4:20:51 PM Utility.SerializationFunctions Serialize
INFO: Object has been serialized
Jul 09, 2020 4:20:51 PM Utility.SerializationFunctions Serialize
INFO: Object has been serialized
Jul 09, 2020 4:20:51 PM Utility.SerializationFunctions Serialize
INFO: Object has been serialized
Jul 09, 2020 4:20:51 PM Utility.SerializationFunctions Serialize
INFO: Object has been serialized
Jul 09, 2020 4:20:51 PM Utility.SerializationFunctions Serialize
INFO: Object has been serialized
Jul 09, 2020 4:20:51 PM Utility.SerializationFunctions Serialize
INFO: Object has been serialized
Jul 09, 2020 4:20:51 PM Utility.SerializationFunctions Serialize
INFO: Object has been serialized
Jul 09, 2020 4:20:51 PM Utility.SerializationFunctions Serialize
INFO: Object has been serialized
Jul 09, 2020 4:20:51 PM Utility.SerializationFunctions Serialize
INFO: Object has been serialized
Jul 09, 2020 4:20:51 PM Utility.SerializationFunctions Serialize
INFO: Object has been serialized
Jul 09, 2020 4:20:51 PM Utility.SerializationFunctions Serialize
INFO: Object has been serialized
Jul 09, 2020 4:21:06 PM User.createUser assignUserID
INFO: Assigning userID 1
Jul 09, 2020 4:21:06 PM User.createUser createAUser
INFO: Creating user. Username: tt
Jul 09, 2020 4:21:06 PM User.createUser createAUser
INFO: Creating user log
Jul 09, 2020 4:21:06 PM LoggingModule.LoggingClass openUserLogger
INFO: user logger opened
Jul 09, 2020 4:21:06 PM User.createUser createAUser
INFO: Creating user class instance
Jul 09, 2020 4:21:07 PM User.createUser createAUser
INFO: User class instantiated. Serializing
Jul 09, 2020 4:21:07 PM Utility.SerializationFunctions Serialize
INFO: Object has been serialized
