Username: t
user ID: 0
Password Hash:bcbc7dd0ee672c482f445f51b4c7bf7e35578f2782e5c06f3445003444316062
Creation Time: 2020-07-11T16:31:00.642974800
Deleted At:









User logs:
user logger opened.2020-07-11T16:31:00.922841100
Deck creation successful
2020-07-11T16:31:01.176898500
Deck creation successful
2020-07-11T16:31:01.408929500
Deck creation successful
2020-07-11T16:31:01.621948500
Deck creation successful
2020-07-11T16:31:01.825924800
Deck creation successful
2020-07-11T16:31:02.121782900
The current Balance of the user 100
2020-07-11T16:31:02.122781700
Your current hero: Mage with hero level: 1
2020-07-11T16:32:42.482696700
Button click: Play
2020-07-11T16:33:09.208327200
Error/Warning. The provided hero is already selected. Returning.
2020-07-11T16:33:12.293074400
Arena: Finish Card Change
2020-07-11T16:33:16.686844300
Arena: Finish Card Change
2020-07-11T16:33:24.578619700
Arena: End Turn
2020-07-11T16:33:29.884409300
Arena: End Turn
2020-07-11T16:33:32.752629800
Mouse released: place a card: Shieldbearer
2020-07-11T16:33:32.752629800
Card play successful.
2020-07-11T16:33:34.043774900
Arena: End Turn
2020-07-11T16:33:42.488435900
Mouse released: place a card: Novice Engineer
2020-07-11T16:33:42.488435900
Card play successful.
2020-07-11T16:33:45.340392600
Arena: End Turn
2020-07-11T16:33:53.565482300
Mouse released: place a card: Novice Engineer
2020-07-11T16:33:53.565482300
Card play successful.
user logger opened.2020-07-11T16:35:06.776014900
Log in.
2020-07-11T16:35:10.226964600
Button click: Play
2020-07-11T16:35:24.956899500
Error/Warning. The provided hero is already selected. Returning.
2020-07-11T16:35:26.777931700
Arena: Finish Card Change
2020-07-11T16:35:28.131949600
Arena: Finish Card Change
2020-07-11T16:37:05.021722
Arena: End Turn
2020-07-11T16:37:08.390756200
Mouse released: place a card: Stonetusk Boar
2020-07-11T16:37:08.390756200
Card play successful.
2020-07-11T16:37:09.535728500
Arena: End Turn
2020-07-11T16:37:11.998728800
Mouse released: place a card: Stonetusk Boar
2020-07-11T16:37:11.999725500
Card play successful.
2020-07-11T16:37:20.219641600
Arena: End Turn
2020-07-11T16:37:24.210618
Mouse released: place a card: Divine Spirit
2020-07-11T16:37:24.210618
Card play successful.
2020-07-11T16:37:35.431614900
Arena: End Turn
2020-07-11T16:37:39.750568200
Mouse released: place a card: Stonetusk Boar
2020-07-11T16:37:39.751565
Card play successful.
2020-07-11T16:37:54.937578
Arena: End Turn
2020-07-11T16:37:59.686655600
Mouse released: place a card: Polymorph
2020-07-11T16:37:59.686655600
Card play successful.
2020-07-11T16:39:50.638489400
Mouse released: place a card: Goldshire Footman
2020-07-11T16:39:50.638489400
Card play successful.
2020-07-11T16:40:23.521323800
Arena: End Turn
2020-07-11T16:40:58.461192200
Used hero Power
user logger opened.2020-07-11T16:49:20.793982700
Log in.
2020-07-11T16:49:22.836003700
Button click: Play
2020-07-11T16:49:28.444172300
Error/Warning. The provided hero is already selected. Returning.
2020-07-11T16:49:31.290285400
Arena: Finish Card Change
2020-07-11T16:49:32.364492800
Arena: Finish Card Change
2020-07-11T16:49:36.452535600
Mouse released: place a card: Arcane Missiles
2020-07-11T16:49:36.452535600
Card play successful.
2020-07-11T16:49:37.926492
Arena: End Turn
2020-07-11T16:49:45.697536
Used hero Power
user logger opened.2020-07-11T16:50:34.568030100
Log in.
2020-07-11T16:50:36.577753500
Button click: Play
2020-07-11T16:50:41.359881600
Error/Warning. The provided hero is already selected. Returning.
2020-07-11T16:50:44.546317700
Button click: Back
2020-07-11T16:50:45.826825500
Arena: Finish Card Change
2020-07-11T16:50:47.325537500
Arena: Finish Card Change
2020-07-11T16:50:51.498324800
Button click: Play
2020-07-11T16:50:58.918798100
Error/Warning. The provided hero is already selected. Returning.
2020-07-11T16:51:01.344312400
Arena: Finish Card Change
2020-07-11T16:51:03.478282900
Arena: Finish Card Change
2020-07-11T16:51:08.188392200
Mouse released: place a card: Shieldbearer
2020-07-11T16:51:08.188392200
Card play successful.
2020-07-11T16:51:09.654391300
Arena: End Turn
2020-07-11T16:51:16.801348800
Used hero Power
2020-07-11T16:51:48.461378400
Arena: End Turn
2020-07-11T16:51:52.696443600
Arena: End Turn
user logger opened.2020-07-11T16:52:10.622288500
Log in.
2020-07-11T16:52:12.558109800
Button click: Play
2020-07-11T16:52:16.040258300
Error/Warning. The provided hero is already selected. Returning.
2020-07-11T16:52:17.740117300
Arena: Finish Card Change
2020-07-11T16:52:18.873793400
Arena: Finish Card Change
2020-07-11T16:52:21.988357800
Mouse released: place a card: Divine Spirit
2020-07-11T16:52:21.988357800
Card play unsuccessful. Low on Mana.
2020-07-11T16:52:24.425277400
Mouse released: place a card: Goldshire Footman
2020-07-11T16:52:24.425277400
Card play successful.
2020-07-11T16:52:25.536227800
Arena: End Turn
2020-07-11T16:52:29.036456300
Arena: End Turn
2020-07-11T16:52:38.665096800
Used hero Power
2020-07-11T16:52:46.373166300
Arena: End Turn
2020-07-11T16:52:54.330210600
Mouse released: place a card: Stonetusk Boar
2020-07-11T16:52:54.330210600
Card play successful.
2020-07-11T16:53:03.551204500
Arena: End Turn
2020-07-11T16:53:05.820101600
Mouse released: place a card: Shieldbearer
2020-07-11T16:53:05.820101600
Card play successful.
2020-07-11T16:53:08.320229500
Mouse released: place a card: Divine Spirit
2020-07-11T16:53:08.321226100
Card play successful.
2020-07-11T16:53:16.375118800
Arena: End Turn
2020-07-11T16:53:38.854114700
Used hero Power
2020-07-11T16:53:47.224111100
Arena: End Turn
2020-07-11T16:53:48.296110200
Arena: End Turn
2020-07-11T16:53:59.728061700
Used hero Power
2020-07-11T16:54:20.327150800
Mouse released: place a card: Depth Charge
2020-07-11T16:54:20.327150800
Card play successful.
2020-07-11T16:54:22.937027400
Arena: End Turn
2020-07-11T16:54:25.767994300
Arena: End Turn
user logger opened.2020-07-11T16:59:26.159144100
Log in.
2020-07-11T16:59:28.516413600
Button click: Play
2020-07-11T16:59:35.387176400
Successfully changed hero to Warlock
2020-07-11T16:59:37.882582600
Arena: Finish Card Change
2020-07-11T16:59:40.264632500
Arena: Finish Card Change
2020-07-11T16:59:43.378320600
Mouse released: place a card: Stonetusk Boar
2020-07-11T16:59:43.379340400
Card play successful.
2020-07-11T16:59:47.723564900
Arena: End Turn
2020-07-11T16:59:50.517610300
Mouse released: place a card: Goldshire Footman
2020-07-11T16:59:50.517610300
Card play successful.
2020-07-11T16:59:51.663619
Arena: End Turn
2020-07-11T16:59:56.334609400
Mouse released: place a card: Novice Engineer
2020-07-11T16:59:56.335608
Card play successful.
2020-07-11T17:00:03.425667300
Arena: End Turn
2020-07-11T17:00:06.574596100
Mouse released: place a card: Depth Charge
2020-07-11T17:00:06.575586500
Card play successful.
2020-07-11T17:00:08.353536200
Arena: End Turn
2020-07-11T17:00:11.316555500
Arena: End Turn
user logger opened.2020-07-11T17:02:40.022237800
Log in.
2020-07-11T17:02:42.107375200
Button click: Play
2020-07-11T17:02:45.818638100
Error/Warning. The provided hero is already selected. Returning.
2020-07-11T17:02:48.011013800
Arena: Finish Card Change
2020-07-11T17:02:49.609094700
Arena: Finish Card Change
2020-07-11T17:02:52.195212200
Arena: End Turn
2020-07-11T17:02:52.719250400
Arena: End Turn
2020-07-11T17:02:54.579262700
Mouse released: place a card: Goldshire Footman
2020-07-11T17:02:54.579262700
Card play successful.
2020-07-11T17:02:55.660299100
Arena: End Turn
2020-07-11T17:02:59.356305900
Mouse released: place a card: Novice Engineer
2020-07-11T17:02:59.356305900
Card play successful.
2020-07-11T17:03:00.575240
Arena: End Turn
2020-07-11T17:03:01.430148200
Arena: End Turn
2020-07-11T17:03:02.088213500
Arena: End Turn
2020-07-11T17:03:02.528186700
Arena: End Turn
2020-07-11T17:03:03.054209700
Arena: End Turn
2020-07-11T17:03:03.539191100
Arena: End Turn
2020-07-11T17:03:11.004274400
Mouse released: place a card: Novice Engineer
2020-07-11T17:03:11.004274400
Card play successful.
2020-07-11T17:03:15.530266200
Mouse released: place a card: Shieldbearer
2020-07-11T17:03:15.531265900
Card play successful.
2020-07-11T17:03:17.066203600
Arena: End Turn
2020-07-11T17:03:22.677273600
Mouse released: place a card: Polymorph
2020-07-11T17:03:22.677273600
Card play successful.
2020-07-11T17:03:36.058251700
Mouse released: place a card: Shieldbearer
2020-07-11T17:03:36.058251700
Card play successful.
2020-07-11T17:03:37.277190700
Arena: End Turn
2020-07-11T17:03:47.353204700
Arena: End Turn
2020-07-11T17:03:48.622020400
Arena: End Turn
2020-07-11T17:03:51.734208
Mouse released: place a card: Depth Charge
2020-07-11T17:03:51.734208
Card play successful.
2020-07-11T17:03:56.806077600
Arena: End Turn
2020-07-11T17:03:57.708021400
Arena: End Turn
user logger opened.2020-07-11T17:05:35.586926300
Log in.
2020-07-11T17:05:37.486958500
Button click: Play
2020-07-11T17:05:40.521404700
Error/Warning. The provided hero is already selected. Returning.
2020-07-11T17:05:42.290349600
Arena: Finish Card Change
2020-07-11T17:05:46.326939600
Arena: Finish Card Change
2020-07-11T17:05:49.672081800
Mouse released: place a card: Novice Engineer
2020-07-11T17:05:49.672081800
Card play unsuccessful. Low on Mana.
2020-07-11T17:05:50.949953400
Arena: End Turn
2020-07-11T17:05:53.548996
Mouse released: place a card: Shieldbearer
2020-07-11T17:05:53.549993700
Card play successful.
2020-07-11T17:05:54.525005900
Arena: End Turn
2020-07-11T17:05:55.695834800
Arena: End Turn
2020-07-11T17:05:56.806908800
Arena: End Turn
2020-07-11T17:06:00.417986700
Mouse released: place a card: Novice Engineer
2020-07-11T17:06:00.417986700
Card play successful.
2020-07-11T17:06:01.614008700
Arena: End Turn
2020-07-11T17:06:02.185983300
Arena: End Turn
2020-07-11T17:06:02.442991400
Arena: End Turn
2020-07-11T17:06:02.709966
Arena: End Turn
2020-07-11T17:06:02.943004100
Arena: End Turn
2020-07-11T17:06:03.563964700
Arena: End Turn
2020-07-11T17:06:03.868948400
Arena: End Turn
2020-07-11T17:06:04.552948100
Arena: End Turn
2020-07-11T17:06:05.002968
Arena: End Turn
2020-07-11T17:06:06.930976700
Mouse released: place a card: Goldshire Footman
2020-07-11T17:06:06.930976700
Card play successful.
2020-07-11T17:06:08.393966300
Mouse released: place a card: Stonetusk Boar
2020-07-11T17:06:08.394965400
Card play successful.
2020-07-11T17:06:09.873004200
Mouse released: place a card: Stonetusk Boar
2020-07-11T17:06:09.873004200
Card play successful.
2020-07-11T17:06:12.102980800
Mouse released: place a card: Novice Engineer
2020-07-11T17:06:12.102980800
Card play successful.
2020-07-11T17:06:14.482960400
Mouse released: place a card: Novice Engineer
2020-07-11T17:06:14.482960400
Card play successful.
2020-07-11T17:06:15.958309200
Arena: End Turn
2020-07-11T17:06:16.834994400
Arena: End Turn
2020-07-11T17:06:17.872885800
Arena: End Turn
2020-07-11T17:06:18.237850100
Arena: End Turn
2020-07-11T17:06:19.152938700
Arena: End Turn
2020-07-11T17:06:19.956920400
Arena: End Turn
2020-07-11T17:06:33.838758500
Arena: End Turn
2020-07-11T17:06:38.252869900
Mouse released: place a card: Arcane Missiles
2020-07-11T17:06:38.253867100
Card play successful.
2020-07-11T17:06:40.170930200
Arena: End Turn
2020-07-11T17:06:42.644928600
Arena: End Turn
2020-07-11T17:06:45.414018100
Mouse released: place a card: Arcane Missiles
2020-07-11T17:06:45.414018100
Card play successful.
2020-07-11T17:06:46.925819500
Arena: End Turn
2020-07-11T17:06:49.705790900
Mouse released: place a card: Depth Charge
2020-07-11T17:06:49.705790900
Card play successful.
2020-07-11T17:06:50.987097600
Arena: End Turn
2020-07-11T17:06:51.913024300
Arena: End Turn
user logger opened.2020-07-11T17:08:41.623562900
Log in.
2020-07-11T17:08:43.405771200
Button click: Play
2020-07-11T17:08:46.417038400
Error/Warning. The provided hero is already selected. Returning.
2020-07-11T17:08:48.137758200
Arena: Finish Card Change
2020-07-11T17:08:51.247794
Arena: Finish Card Change
2020-07-11T17:08:56.392739
Mouse released: place a card: Stonetusk Boar
2020-07-11T17:08:56.392739
Card play successful.
2020-07-11T17:08:57.174769700
Arena: End Turn
2020-07-11T17:08:59.627636400
Mouse released: place a card: Stonetusk Boar
2020-07-11T17:08:59.627636400
Card play successful.
2020-07-11T17:09:00.577616800
Arena: End Turn
2020-07-11T17:09:03.019720400
Mouse released: place a card: Goldshire Footman
2020-07-11T17:09:03.019720400
Card play successful.
2020-07-11T17:09:04.019663400
Arena: End Turn
2020-07-11T17:09:06.665704300
Mouse released: place a card: Depth Charge
2020-07-11T17:09:06.665704300
Card play successful.
2020-07-11T17:09:07.692560400
Arena: End Turn
2020-07-11T17:09:08.153633100
Arena: End Turn
user logger opened.2020-07-11T17:09:57.893511700
Log in.
2020-07-11T17:09:59.739158800
Button click: Play
2020-07-11T17:10:02.738997800
Successfully changed hero to Warlock
2020-07-11T17:10:08.153976800
Arena: Finish Card Change
2020-07-11T17:10:13.276490700
Arena: Finish Card Change
2020-07-11T17:10:18.357573400
Mouse released: place a card: Goldshire Footman
2020-07-11T17:10:18.357573400
Card play successful.
2020-07-11T17:10:19.214558400
Arena: End Turn
2020-07-11T17:10:22.972568900
Arena: End Turn
2020-07-11T17:10:23.472555600
Arena: End Turn
2020-07-11T17:10:27.413556800
Mouse released: place a card: Novice Engineer
2020-07-11T17:10:27.413556800
Card play successful.
2020-07-11T17:10:28.799521700
Arena: End Turn
2020-07-11T17:10:32.397550600
Mouse released: place a card: Depth Charge
2020-07-11T17:10:32.397550600
Card play successful.
2020-07-11T17:10:33.505476700
Arena: End Turn
2020-07-11T17:10:34.078476400
Arena: End Turn
user logger opened.2020-07-11T17:12:31.549054
Log in.
2020-07-11T17:12:33.723739200
Button click: Play
2020-07-11T17:12:37.216351700
Error/Warning. The provided hero is already selected. Returning.
2020-07-11T17:12:38.792444900
Arena: Finish Card Change
2020-07-11T17:12:39.720389100
Arena: Finish Card Change
2020-07-11T17:12:42.688418600
Mouse released: place a card: Goldshire Footman
2020-07-11T17:12:42.688418600
Card play successful.
2020-07-11T17:12:43.892386600
Arena: End Turn
2020-07-11T17:12:46.317293300
Mouse released: place a card: Goldshire Footman
2020-07-11T17:12:46.317293300
Card play successful.
2020-07-11T17:12:47.206315300
Arena: End Turn
2020-07-11T17:12:48.036322500
Arena: End Turn
2020-07-11T17:12:50.268268900
Mouse released: place a card: Depth Charge
2020-07-11T17:12:50.268268900
Card play successful.
2020-07-11T17:12:53.848280600
Mouse released: place a card: Stonetusk Boar
2020-07-11T17:12:53.848280600
Card play successful.
2020-07-11T17:12:54.847315100
Arena: End Turn
2020-07-11T17:12:58.986306900
Mouse released: place a card: Stonetusk Boar
2020-07-11T17:12:58.986306900
Card play successful.
2020-07-11T17:13:00.742294900
Mouse released: place a card: Shieldbearer
2020-07-11T17:13:00.743292
Card play successful.
2020-07-11T17:13:02.956259600
Mouse released: place a card: Divine Spirit
2020-07-11T17:13:02.956259600
Card play successful.
2020-07-11T17:13:13.328347500
Arena: End Turn
2020-07-11T17:13:29.934555400
Arena: End Turn
2020-07-11T17:13:34.288167500
Mouse released: place a card: Arcane Missiles
2020-07-11T17:13:34.288167500
Card play successful.
2020-07-11T17:13:42.812060400
Mouse released: place a card: Novice Engineer
2020-07-11T17:13:42.812060400
Card play successful.
2020-07-11T17:13:54.236136600
Mouse released: place a card: Stonetusk Boar
2020-07-11T17:13:54.236136600
Card play successful.
2020-07-11T17:13:59.052978400
Used hero Power
2020-07-11T17:15:57.811966900
Arena: End Turn
2020-07-11T17:16:07.043930400
Mouse released: place a card: Goldshire Footman
2020-07-11T17:16:07.043930400
Card play successful.
2020-07-11T17:16:10.969851900
Arena: End Turn
2020-07-11T17:16:13.238482900
Arena: End Turn
user logger opened.2020-07-11T17:18:25.598824800
Log in.
2020-07-11T17:18:27.436228600
Button click: Play
2020-07-11T17:18:33.568412400
Successfully changed hero to Warlock
2020-07-11T17:18:35.580453400
Arena: Finish Card Change
2020-07-11T17:18:36.432607400
Arena: Finish Card Change
2020-07-11T17:18:40.964802300
Mouse released: place a card: Novice Engineer
2020-07-11T17:18:40.964802300
Card play unsuccessful. Low on Mana.
2020-07-11T17:18:43.552735800
Arena: End Turn
2020-07-11T17:18:45.796722200
Arena: End Turn
2020-07-11T17:18:49.832738300
Mouse released: place a card: Novice Engineer
2020-07-11T17:18:49.833735700
Card play successful.
2020-07-11T17:18:51.258753600
Arena: End Turn
2020-07-11T17:18:53.953742900
Mouse released: place a card: Shieldbearer
2020-07-11T17:18:53.953742900
Card play successful.
2020-07-11T17:18:55.867715800
Mouse released: place a card: Goldshire Footman
2020-07-11T17:18:55.867715800
Card play successful.
2020-07-11T17:20:29.721517400
Mouse released: place a card: Stonetusk Boar
2020-07-11T17:20:29.721517400
Card play successful.
2020-07-11T17:20:34.194327500
Arena: End Turn
2020-07-11T17:20:37.242573500
Mouse released: place a card: Novice Engineer
2020-07-11T17:20:37.243572
Card play successful.
2020-07-11T17:20:58.269309300
Mouse released: place a card: Depth Charge
2020-07-11T17:20:58.269309300
Card play successful.
2020-07-11T17:21:00.011328900
Arena: End Turn
2020-07-11T17:21:08.290359300
Mouse released: place a card: Dreadscale
2020-07-11T17:21:08.290359300
Card play successful.
2020-07-11T17:21:13.529416100
Arena: End Turn
2020-07-11T17:21:23.038731900
Mouse released: place a card: Dreadscale
2020-07-11T17:21:23.038731900
Card play successful.
2020-07-11T17:21:26.560365200
Mouse released: place a card: Stonetusk Boar
2020-07-11T17:21:26.561364100
Card play successful.
2020-07-11T17:21:32.169303800
Arena: End Turn
2020-07-11T17:23:19.087234900
Used hero Power
2020-07-11T17:23:41.565066900
Used hero Power
user logger opened.2020-07-11T17:24:14.384317100
Log in.
2020-07-11T17:24:16.293587100
Button click: Play
2020-07-11T17:24:22.498036100
Successfully changed hero to Warlock
2020-07-11T17:24:24.935445600
Arena: Finish Card Change
2020-07-11T17:24:27.227809800
Arena: Finish Card Change
2020-07-11T17:24:29.643232900
Mouse released: place a card: Shieldbearer
2020-07-11T17:24:29.643232900
Card play successful.
2020-07-11T17:24:30.616136800
Arena: End Turn
2020-07-11T17:24:33.471223600
Arena: End Turn
2020-07-11T17:24:35.922129700
Mouse released: place a card: Goldshire Footman
2020-07-11T17:24:35.922129700
Card play successful.
2020-07-11T17:24:36.882168300
Arena: End Turn
2020-07-11T17:24:38.894179300
Mouse released: place a card: Goldshire Footman
2020-07-11T17:24:38.895176200
Card play successful.
2020-07-11T17:24:41.173092700
Arena: End Turn
2020-07-11T17:24:49.722164800
Used hero Power
user logger opened.2020-07-11T17:27:19.399325600
Log in.
2020-07-11T17:27:22.796863500
Button click: Play
2020-07-11T17:27:26.608625
Successfully changed hero to Warlock
2020-07-11T17:27:28.648171400
Arena: Finish Card Change
2020-07-11T17:27:29.417359100
Arena: Finish Card Change
2020-07-11T17:27:32.089309900
Mouse released: place a card: Novice Engineer
2020-07-11T17:27:32.089309900
Card play unsuccessful. Low on Mana.
2020-07-11T17:27:36.100895300
Mouse released: place a card: Depth Charge
2020-07-11T17:27:36.100895300
Card play successful.
2020-07-11T17:27:37.024880500
Arena: End Turn
2020-07-11T17:27:38.706865800
Mouse released: place a card: Shieldbearer
2020-07-11T17:27:38.706865800
Card play successful.
2020-07-11T17:27:39.682791300
Arena: End Turn
2020-07-11T17:27:42.217893700
Mouse released: place a card: Novice Engineer
2020-07-11T17:27:42.218890900
Card play successful.
2020-07-11T17:27:43.999808800
Arena: End Turn
2020-07-11T17:27:47.411836500
Mouse released: place a card: Stonetusk Boar
2020-07-11T17:27:47.411836500
Card play successful.
2020-07-11T17:27:48.605827300
Arena: End Turn
2020-07-11T17:27:51.361620
Used hero Power
2020-07-11T17:28:08.679999100
Used hero Power
2020-07-11T17:28:24.890958400
Mouse released: place a card: Goldshire Footman
2020-07-11T17:28:24.890958400
Card play successful.
user logger opened.2020-07-11T17:30:18.329306600
Log in.
2020-07-11T17:30:20.469795500
Button click: Play
2020-07-11T17:30:31.336929900
Successfully changed hero to Priest
2020-07-11T17:30:36.939514600
Arena: Finish Card Change
2020-07-11T17:30:40.401476600
Arena: Finish Card Change
2020-07-11T17:30:46.204570500
Arena: End Turn
2020-07-11T17:30:50.117570800
Mouse released: place a card: Stonetusk Boar
2020-07-11T17:30:50.117570800
Card play successful.
2020-07-11T17:30:53.190507
Arena: End Turn
2020-07-11T17:31:09.914334900
Arena: End Turn
2020-07-11T17:31:17.312498200
Mouse released: place a card: Bloodfen Raptor
2020-07-11T17:31:17.312498200
Card play successful.
2020-07-11T17:31:31.612268100
Arena: End Turn
2020-07-11T17:31:38.744764600
Mouse released: place a card: Regenerate
2020-07-11T17:31:38.744764600
Card play successful.
2020-07-11T17:31:41.755393400
Arena: End Turn
2020-07-11T17:31:44.127081900
Mouse released: place a card: Goldshire Footman
2020-07-11T17:31:44.127081900
Card play successful.
2020-07-11T17:32:01.113002300
Arena: End Turn
2020-07-11T17:32:10.770311900
Mouse released: place a card: Shadowfiend
2020-07-11T17:32:10.770311900
Card play successful.
2020-07-11T17:32:15.819419
Mouse released: place a card: Goldshire Footman
2020-07-11T17:32:15.819419
Card play successful.
2020-07-11T17:32:30.132536800
Arena: End Turn
2020-07-11T17:32:31.339092
Arena: End Turn
2020-07-11T17:32:51.381633200
Arena: End Turn
2020-07-11T17:33:11.031505700
Mouse released: place a card: Stonetusk Boar
2020-07-11T17:33:11.031505700
Card play successful.
2020-07-11T17:33:14.738022200
Arena: End Turn
2020-07-11T17:36:52.145955600
Mouse released: place a card: Bloodfen Raptor
2020-07-11T17:36:52.145955600
Card play successful.
2020-07-11T17:36:57.815201200
Mouse released: place a card: Ashbringer
2020-07-11T17:36:57.815201200
Card play successful.
2020-07-11T17:37:19.838187200
Mouse released: place a card: Shadowfiend
2020-07-11T17:37:19.838187200
Card play successful.
2020-07-11T17:37:22.300153700
Mouse released: place a card: Goldshire Footman
2020-07-11T17:37:22.300153700
Card play successful.
2020-07-11T17:37:30.747067900
Mouse released: place a card: Novice Engineer
2020-07-11T17:37:30.747067900
Card play successful.
2020-07-11T17:37:37.158145900
Mouse released: place a card: Divine Spirit
2020-07-11T17:37:37.158145900
Card play successful.
2020-07-11T17:37:42.276124400
Arena: End Turn
2020-07-11T17:38:14.967048700
Arena: End Turn
2020-07-11T17:38:19.953099
Mouse released: place a card: Swarm of locusts
2020-07-11T17:38:19.953099
Card play successful.
2020-07-11T17:38:28.205162800
Arena: End Turn
2020-07-11T17:38:31.691423300
Arena: End Turn
user logger opened.2020-07-11T17:43:07.443635900
Log in.
2020-07-11T17:43:10.047621800
Button click: Play
2020-07-11T17:43:16.049904400
Successfully changed hero to Paladin
2020-07-11T17:43:19.152767800
Arena: Finish Card Change
2020-07-11T17:43:20.331903
Arena: Finish Card Change
2020-07-11T17:43:37.074638100
Mouse released: place a card: Strength in Numbers
2020-07-11T17:43:37.074638100
Card play successful.
2020-07-11T17:43:40.356136400
Arena: End Turn
2020-07-11T17:43:43.558577200
Mouse released: place a card: Goldshire Footman
2020-07-11T17:43:43.558577200
Card play successful.
2020-07-11T17:43:51.847106200
Arena: End Turn
2020-07-11T17:44:00.624096200
Mouse released: place a card: Book of Specters
2020-07-11T17:44:00.624096200
Card play successful.
user logger opened.2020-07-11T17:47:22.975297900
Log in.
2020-07-11T17:47:25.511517100
Button click: Play
2020-07-11T17:47:32.905830900
Successfully changed hero to Paladin
2020-07-11T17:47:37.349292200
Arena: Finish Card Change
2020-07-11T17:47:39.166778200
Arena: Finish Card Change
2020-07-11T17:47:49.837807500
Mouse released: place a card: Strength in Numbers
2020-07-11T17:47:49.837807500
Card play successful.
2020-07-11T17:47:58.805023700
Arena: End Turn
user logger opened.2020-07-11T18:00:24.368471
Log in.
2020-07-11T18:00:26.677120
Button click: Play
2020-07-11T18:00:32.174195200
Successfully changed hero to Paladin
2020-07-11T18:00:40.284072700
Arena: Finish Card Change
2020-07-11T18:00:44.017554700
Arena: Finish Card Change
2020-07-11T18:00:52.412904400
Arena: End Turn
2020-07-11T18:01:01.137317100
Mouse released: place a card: Stonetusk Boar
2020-07-11T18:01:01.138315300
Card play successful.
2020-07-11T18:01:04.836115200
Arena: End Turn
2020-07-11T18:01:09.155326700
Arena: End Turn
2020-07-11T18:01:11.563098600
Mouse released: place a card: Shieldbearer
2020-07-11T18:01:11.563098600
Card play successful.
user logger opened.2020-07-11T18:02:54.741474100
Log in.
2020-07-11T18:02:58.627434900
Button click: Play
2020-07-11T18:03:00.623767100
Error/Warning. The provided hero is already selected. Returning.
2020-07-11T18:03:03.152271500
Arena: Finish Card Change
2020-07-11T18:03:04.478857300
Arena: Finish Card Change
2020-07-11T18:03:10.308784800
Mouse released: place a card: Goldshire Footman
2020-07-11T18:03:10.308784800
Card play successful.
2020-07-11T18:03:13.422479300
Arena: End Turn
2020-07-11T18:03:16.975718400
Button click: Back
2020-07-11T18:03:19.310676200
Button click: Play
2020-07-11T18:03:23.203292900
Error/Warning. The provided hero is already selected. Returning.
2020-07-11T18:03:24.930944900
Arena: Finish Card Change
2020-07-11T18:03:26.562815100
Arena: Finish Card Change
2020-07-11T18:03:30.445178900
Mouse released: place a card: Stonetusk Boar
2020-07-11T18:03:30.445178900
Card play successful.
2020-07-11T18:03:31.294101200
Arena: End Turn
2020-07-11T18:04:03.738660600
Arena: End Turn
2020-07-11T18:04:06.537275200
Mouse released: place a card: Shieldbearer
2020-07-11T18:04:06.537275200
Card play successful.
2020-07-11T18:04:11.375496800
Arena: End Turn
2020-07-11T18:04:16.899700100
Mouse released: place a card: Book of Specters
2020-07-11T18:04:16.899700100
Card play successful.
2020-07-11T18:06:03.726714500
Arena: End Turn
2020-07-11T18:06:06.111943500
Button click: Back
2020-07-11T18:06:14.043223500
Button click: Play
2020-07-11T18:06:21.621265800
Successfully changed hero to Rogue
2020-07-11T18:06:23.313152500
Arena: Finish Card Change
2020-07-11T18:06:24.456529500
Arena: Finish Card Change
2020-07-11T18:06:35.816421200
Mouse released: place a card: Friendly Smith
2020-07-11T18:06:35.816421200
Card play successful.
2020-07-11T18:06:58.779802400
Arena: End Turn
2020-07-11T18:07:03.292561600
Arena: End Turn
2020-07-11T18:07:06.549877600
Mouse released: place a card: Bloodfen Raptor
2020-07-11T18:07:06.550967800
Card play successful.
2020-07-11T18:07:08.536770300
Arena: End Turn
2020-07-11T18:07:11.935670500
Mouse released: place a card: Goldshire Footman
2020-07-11T18:07:11.935670500
Card play successful.
2020-07-11T18:07:13.659439
Arena: End Turn
2020-07-11T18:07:23.629867100
Arena: End Turn
2020-07-11T18:07:25.532844500
Arena: End Turn
2020-07-11T18:07:28.867401
Arena: End Turn
user logger opened.2020-07-11T18:10:24.120394400
Log in.
2020-07-11T18:10:26.518027
Button click: Play
2020-07-11T18:10:30.207933100
Successfully changed hero to Rogue
2020-07-11T18:10:32.005134100
Arena: Finish Card Change
2020-07-11T18:10:33.026913100
Arena: Finish Card Change
2020-07-11T18:10:35.977205300
Mouse released: place a card: Stonetusk Boar
2020-07-11T18:10:35.977205300
Card play successful.
2020-07-11T18:10:39.316423400
Arena: End Turn
2020-07-11T18:10:44.855429200
Mouse released: place a card: Arcane Missiles
2020-07-11T18:10:44.855429200
Card play successful.
2020-07-11T18:10:49.452580900
Arena: End Turn
2020-07-11T18:10:55.645132700
Button click: Back
2020-07-11T18:10:57.811965100
Button click: Play
2020-07-11T18:11:01.067240800
Successfully changed hero to Mage
2020-07-11T18:11:02.643549400
Arena: Finish Card Change
2020-07-11T18:11:04.063154200
Arena: Finish Card Change
2020-07-11T18:11:06.387516900
Mouse released: place a card: Stonetusk Boar
2020-07-11T18:11:06.387516900
Card play successful.
2020-07-11T18:11:07.627291
Arena: End Turn
2020-07-11T18:11:12.603103800
Arena: End Turn
2020-07-11T18:11:15.084948300
Arena: End Turn
2020-07-11T18:11:16.580457800
Arena: End Turn
2020-07-11T18:11:17.713128300
Arena: End Turn
2020-07-11T18:11:19.781101900
Arena: End Turn
2020-07-11T18:11:22.482141400
Button click: Back
2020-07-11T18:11:26.094790400
Button click: Play
2020-07-11T18:11:28.507793
Error/Warning. The provided hero is already selected. Returning.
2020-07-11T18:11:29.695714500
Arena: Finish Card Change
2020-07-11T18:11:31.337941200
Arena: Finish Card Change
2020-07-11T18:11:34.856304700
Arena: End Turn
user logger opened.2020-07-11T18:16:06.580629300
Log in.
2020-07-11T18:16:35.068463800
Button click: Play
2020-07-11T18:16:37.755438100
Error/Warning. The provided hero is already selected. Returning.
2020-07-11T18:16:39.535231800
Arena: Finish Card Change
2020-07-11T18:16:41.117196600
Arena: Finish Card Change
2020-07-11T18:16:43.286346100
Mouse released: place a card: Shieldbearer
2020-07-11T18:16:43.287342400
Card play successful.
2020-07-11T18:16:46.206295700
Button click: Back
2020-07-11T18:16:48.859225600
Button click: Play
2020-07-11T18:16:50.885313200
Error/Warning. The provided hero is already selected. Returning.
2020-07-11T18:16:52.352312700
Arena: Finish Card Change
2020-07-11T18:16:52.780306100
Arena: Finish Card Change
2020-07-11T18:16:53.813298300
Arena: Finish Card Change
user logger opened.2020-07-11T18:19:41.263509500
Log in.
2020-07-11T18:19:45.943963200
Button click: Play
2020-07-11T18:19:49.405107
Error/Warning. The provided hero is already selected. Returning.
2020-07-11T18:19:51.613715700
Arena: Finish Card Change
2020-07-11T18:19:52.660208300
Arena: Finish Card Change
2020-07-11T18:19:57.008349900
Mouse released: place a card: Shieldbearer
2020-07-11T18:19:57.008349900
Card play successful.
2020-07-11T18:19:58.610035100
Arena: End Turn
2020-07-11T18:19:59.656980
Arena: End Turn
2020-07-11T18:20:01.385028700
Button click: Back
2020-07-11T18:20:03.404945400
Button click: Play
2020-07-11T18:20:06.035027
Error/Warning. The provided hero is already selected. Returning.
2020-07-11T18:20:07.410060800
Arena: Finish Card Change
2020-07-11T18:20:08.344017400
Arena: Finish Card Change
2020-07-11T18:20:12.712934500
Arena: End Turn
2020-07-11T18:20:14.002940100
Arena: End Turn
2020-07-11T18:20:14.770042600
Arena: End Turn
2020-07-11T18:20:15.401974400
Arena: End Turn
2020-07-11T18:20:15.754944900
Arena: End Turn
2020-07-11T18:20:15.955955300
Arena: End Turn
2020-07-11T18:20:16.348952900
Arena: End Turn
2020-07-11T18:20:16.424932600
Arena: End Turn
2020-07-11T18:20:16.851928700
Arena: End Turn
2020-07-11T18:20:16.949952800
Arena: End Turn
2020-07-11T18:20:17.093971800
Arena: End Turn
2020-07-11T18:20:47.980909700
Mouse released: place a card: Shieldbearer
2020-07-11T18:20:47.980909700
Card play successful.
2020-07-11T18:20:49.365802900
Arena: End Turn
user logger opened.2020-07-11T18:50:16.969623100
Log in.
2020-07-11T18:50:18.840712400
Button click: Play
2020-07-11T18:50:35.631710200
Successfully changed hero to Rogue
2020-07-11T18:50:40.178086
Arena: Finish Card Change
2020-07-11T18:50:45.346828100
Arena: Finish Card Change
2020-07-11T18:50:52.839648900
Arena: End Turn
2020-07-11T18:51:02.553552400
Mouse released: place a card: Strength in Numbers
2020-07-11T18:51:02.554549600
Card play successful.
2020-07-11T18:51:07.733550100
Arena: End Turn
2020-07-11T18:51:08.439571
Arena: End Turn
2020-07-11T18:51:08.594550200
Arena: End Turn
2020-07-11T18:51:08.801578500
Arena: End Turn
2020-07-11T18:51:08.998550600
Arena: End Turn
2020-07-11T18:51:09.202560300
Arena: End Turn
2020-07-11T18:51:09.379598800
Arena: End Turn
2020-07-11T18:51:09.594594900
Arena: End Turn
2020-07-11T18:51:09.795584
Arena: End Turn
2020-07-11T18:51:10.044574400
Arena: End Turn
2020-07-11T18:51:10.272601600
Arena: End Turn
2020-07-11T18:51:11.659534100
Arena: End Turn
2020-07-11T18:51:18.871499300
Arena: End Turn
2020-07-11T18:51:19.553540700
Arena: End Turn
2020-07-11T18:51:21.121510
Arena: End Turn
2020-07-11T18:51:22.083515800
Arena: End Turn
2020-07-11T18:51:24.395378
Arena: End Turn
2020-07-11T18:51:25.489478900
Arena: End Turn
2020-07-11T18:51:43.346469300
Mouse released: place a card: Sunreaver Warmage
2020-07-11T18:51:43.346469300
Card play successful.
2020-07-11T18:51:58.479434500
Mouse released: place a card: Curio Collector
2020-07-11T18:51:58.479434500
Card play successful.
2020-07-11T18:52:03.575387600
Arena: End Turn
2020-07-11T18:52:05.489331
Arena: End Turn
2020-07-11T18:52:49.895399800
Arena: End Turn
user logger opened.2020-07-11T18:55:03.345849
Log in.
2020-07-11T18:55:05.754445300
Button click: Play
2020-07-11T18:55:14.459706400
Successfully changed hero to Rogue
2020-07-11T18:55:17.699793200
Arena: Finish Card Change
2020-07-11T18:55:20.204977500
Arena: Finish Card Change
2020-07-11T18:55:26.326139600
Mouse released: place a card: Friendly Smith
2020-07-11T18:55:26.326139600
Card play successful.
2020-07-11T18:55:42.708130800
Arena: End Turn
2020-07-11T18:55:44.558105600
Arena: End Turn
2020-07-11T18:55:45.773132700
Arena: End Turn
2020-07-11T18:55:47.708209100
Arena: End Turn
2020-07-11T18:55:48.584102900
Arena: End Turn
2020-07-11T18:55:53.599108800
Arena: End Turn
2020-07-11T18:55:54.449055900
Arena: End Turn
2020-07-11T18:55:58.742079900
Mouse released: place a card: Strength in Numbers
2020-07-11T18:55:58.742079900
Card play successful.
2020-07-11T18:56:01.103046400
Arena: End Turn
2020-07-11T18:56:02.513054900
Arena: End Turn
2020-07-11T18:56:08.901480400
Mouse released: place a card: Curio Collector
2020-07-11T18:56:08.901480400
Card play successful.
2020-07-11T18:56:12.319060
Arena: End Turn
2020-07-11T18:56:14.741056900
Arena: End Turn
user logger opened.2020-07-11T18:57:11.016911500
Log in.
2020-07-11T18:57:13.198960100
Button click: Play
2020-07-11T18:57:21.688608700
Successfully changed hero to Rogue
2020-07-11T18:57:25.158969600
Arena: Finish Card Change
2020-07-11T18:57:26.943854700
Arena: Finish Card Change
2020-07-11T18:57:29.109971400
Arena: End Turn
2020-07-11T18:57:29.560002300
Arena: End Turn
2020-07-11T18:57:29.778978200
Arena: End Turn
2020-07-11T18:57:29.987975700
Arena: End Turn
2020-07-11T18:57:30.179941100
Arena: End Turn
2020-07-11T18:57:30.388999500
Arena: End Turn
2020-07-11T18:57:30.599952800
Arena: End Turn
2020-07-11T18:57:30.817001500
Arena: End Turn
2020-07-11T18:57:31.057982100
Arena: End Turn
2020-07-11T18:57:33.911913800
Mouse released: place a card: Curio Collector
2020-07-11T18:57:33.912911400
Card play successful.
2020-07-11T18:57:35.240935300
Arena: End Turn
2020-07-11T18:57:37.285166300
Arena: End Turn
user logger opened.2020-07-11T19:03:53.003327700
Log in.
2020-07-11T19:03:57.782854300
Button click: Play
2020-07-11T19:04:08.127418700
Successfully changed hero to Rogue
2020-07-11T19:04:10.381288200
Arena: Finish Card Change
2020-07-11T19:04:11.752375100
Arena: Finish Card Change
2020-07-11T19:04:14.995800500
Mouse released: place a card: Goldshire Footman
2020-07-11T19:04:14.995800500
Card play successful.
2020-07-11T19:04:15.908269300
Arena: End Turn
2020-07-11T19:04:20.038344200
Arena: End Turn
2020-07-11T19:04:20.608267400
Arena: End Turn
2020-07-11T19:04:26.978250
Arena: End Turn
2020-07-11T19:04:27.552216300
Arena: End Turn
2020-07-11T19:04:28.562238300
Arena: End Turn
2020-07-11T19:04:28.977243600
Arena: End Turn
2020-07-11T19:04:29.780264300
Arena: End Turn
2020-07-11T19:04:30.452257400
Arena: End Turn
2020-07-11T19:04:33.361256800
Mouse released: place a card: Curio Collector
2020-07-11T19:04:33.361256800
Card play successful.
2020-07-11T19:04:37.002223400
Arena: End Turn
2020-07-11T19:04:37.757214900
Arena: End Turn
2020-07-11T19:04:59.792240400
Arena: End Turn
2020-07-11T19:05:03.873171900
Arena: End Turn
2020-07-11T19:05:17.380161200
Mouse released: place a card: Strength in Numbers
2020-07-11T19:05:17.380161200
Card play successful.
2020-07-11T19:05:25.398161700
Mouse released: place a card: Novice Engineer
2020-07-11T19:05:25.399158800
Card play successful.
2020-07-11T19:05:32.525705200
Mouse released: place a card: Novice Engineer
2020-07-11T19:05:32.525705200
Card play successful.
2020-07-11T19:05:34.047168500
Arena: End Turn
2020-07-11T19:05:34.826210500
Arena: End Turn
2020-07-11T19:05:39.589140500
Mouse released: place a card: Curio Collector
2020-07-11T19:05:39.589140500
Card play successful.
2020-07-11T19:05:48.849100900
Arena: End Turn
2020-07-11T19:05:49.667153800
Arena: End Turn
2020-07-11T19:05:55.489092800
Mouse released: place a card: Sunreaver Warmage
2020-07-11T19:05:55.489092800
Card play successful.
2020-07-11T19:06:21.936997700
Mouse released: place a card: Sathrovarr
2020-07-11T19:06:21.936997700
Card play unsuccessful. Low on Mana.
2020-07-11T19:06:25.287504600
Arena: End Turn
2020-07-11T19:06:26.760402
Arena: End Turn
2020-07-11T19:06:29.965055800
Mouse released: place a card: Sathrovarr
2020-07-11T19:06:29.965055800
Card play successful.
2020-07-11T19:06:44.418986100
Arena: End Turn
2020-07-11T19:06:45.526994400
Arena: End Turn
2020-07-11T19:06:47.939267600
Mouse released: place a card: Sathrovarr
2020-07-11T19:06:47.940265300
Card play unsuccessful. Arena full.
2020-07-11T19:06:59.946924600
Mouse released: place a card: Sathrovarr
2020-07-11T19:06:59.946924600
Card play successful.
2020-07-11T19:07:17.518926700
Arena: End Turn
2020-07-11T19:07:18.152949900
Arena: End Turn
2020-07-11T19:07:24.129988200
Arena: End Turn
2020-07-11T19:07:24.897952600
Arena: End Turn
user logger opened.2020-07-11T19:11:12.837883800
Log in.
2020-07-11T19:11:14.988280
Button click: Play
2020-07-11T19:11:26.537544500
Error/Warning. The provided hero is already selected. Returning.
2020-07-11T19:11:28.655566400
Arena: Finish Card Change
2020-07-11T19:11:30.115546100
Arena: Finish Card Change
2020-07-11T19:11:35.537687200
Mouse released: place a card: Arcane Missiles
2020-07-11T19:11:35.537687200
Card play successful.
2020-07-11T19:11:37.235489500
Arena: End Turn
2020-07-11T19:11:40.463477800
Arena: End Turn
2020-07-11T19:11:45.476468700
Mouse released: place a card: Novice Engineer
2020-07-11T19:11:45.476468700
Card play successful.
2020-07-11T19:11:54.688626800
Arena: End Turn
2020-07-11T19:11:59.448480200
Arena: End Turn
2020-07-11T19:12:06.068467300
Mouse released: place a card: Shieldbearer
2020-07-11T19:12:06.068467300
Card play successful.
2020-07-11T19:12:12.830527
Mouse released: place a card: Divine Spirit
2020-07-11T19:12:12.830527
Card play successful.
2020-07-11T19:12:26.237496800
Arena: End Turn
2020-07-11T19:12:31.712666500
Arena: End Turn
2020-07-11T19:12:35.449359200
Arena: End Turn
2020-07-11T19:13:02.627695
Used hero Power
2020-07-11T19:13:57.628367600
Mouse released: place a card: Divine Spirit
2020-07-11T19:13:57.629365
Card play successful.
2020-07-11T19:14:10.452260200
Used hero Power
2020-07-11T19:14:23.498230900
Used hero Power
2020-07-11T19:14:26.507164800
Arena: End Turn
2020-07-11T19:14:44.843274100
Mouse released: place a card: Sunreaver Warmage
2020-07-11T19:14:44.844271300
Card play successful.
2020-07-11T19:15:14.998251600
Arena: End Turn
2020-07-11T19:15:24.599164200
Mouse released: place a card: Lord of the Arena
2020-07-11T19:15:24.599164200
Card play successful.
2020-07-11T19:15:28.140426400
Arena: End Turn
2020-07-11T19:15:34.810149800
Mouse released: place a card: Curio Collector
2020-07-11T19:15:34.810149800
Card play successful.
2020-07-11T19:15:59.357059800
Hero power use unsuccessful. Low on Mana
2020-07-11T19:16:00.999092
Hero power use unsuccessful. Low on Mana
2020-07-11T19:16:03.505467
Arena: End Turn
2020-07-11T19:16:31.351049800
Mouse released: place a card: Holy Fire
2020-07-11T19:16:31.351049800
Card play successful.
2020-07-11T19:16:43.716127700
Arena: End Turn
2020-07-11T19:16:50.204496300
Mouse released: place a card: Sathrovarr
2020-07-11T19:16:50.205044300
Card play unsuccessful. Low on Mana.
2020-07-11T19:17:02.872197300
Mouse released: place a card: Sunreaver Warmage
2020-07-11T19:17:02.872197300
Card play successful.
2020-07-11T19:17:06.451715200
Arena: End Turn
2020-07-11T19:17:09.106132600
Mouse released: place a card: Lord of the Arena
2020-07-11T19:17:09.107130300
Card play successful.
2020-07-11T19:17:13.326789
Used hero Power
2020-07-11T19:17:18.877690200
Arena: End Turn
2020-07-11T19:17:30.771861400
Arena: End Turn
2020-07-11T19:17:34.527900300
Arena: End Turn
2020-07-11T19:17:48.403982
Mouse released: place a card: Gnomish Army Knife
2020-07-11T19:17:48.403982
Card play successful.
user logger opened.2020-07-11T19:27:22.685242600
Log in.
2020-07-11T19:27:24.867049300
Button click: Play
2020-07-11T19:27:49.786116400
Successfully changed hero to Rogue
2020-07-11T19:27:55.021117200
Arena: Finish Card Change
2020-07-11T19:27:57.127321700
Arena: Finish Card Change
2020-07-11T19:28:03.250923300
Mouse released: place a card: Friendly Smith
2020-07-11T19:28:03.250923300
Card play successful.
user logger opened.2020-07-11T19:30:18.821841100
Log in.
2020-07-11T19:30:20.925434
Button click: Play
2020-07-11T19:30:37.236083900
Successfully changed hero to Rogue
2020-07-11T19:30:41.135015800
Arena: Finish Card Change
2020-07-11T19:30:43.750724800
Arena: Finish Card Change
2020-07-11T19:30:52.563735400
Mouse released: place a card: Stonetusk Boar
2020-07-11T19:30:52.564700200
Card play successful.
2020-07-11T19:30:54.386615
Arena: End Turn
2020-07-11T19:30:57.954674900
Arena: End Turn
2020-07-11T19:31:01.177647300
Arena: End Turn
2020-07-11T19:31:02.820661700
Arena: End Turn
2020-07-11T19:31:04.669579400
Arena: End Turn
2020-07-11T19:31:05.461847500
Arena: End Turn
2020-07-11T19:31:07.469459
Arena: End Turn
2020-07-11T19:31:09.076882
Arena: End Turn
2020-07-11T19:31:12.860851600
Mouse released: place a card: Goldshire Footman
2020-07-11T19:31:12.861849500
Card play successful.
2020-07-11T19:31:17.622010
Mouse released: place a card: Depth Charge
2020-07-11T19:31:17.622010
Card play successful.
2020-07-11T19:31:21.709548
Arena: End Turn
2020-07-11T19:31:29.499547300
Arena: End Turn
2020-07-11T19:31:41.759440500
Mouse released: place a card: Sunreaver Warmage
2020-07-11T19:31:41.759440500
Card play successful.
2020-07-11T19:31:45.204426600
Arena: End Turn
2020-07-11T19:31:49.137641400
Mouse released: place a card: Curio Collector
2020-07-11T19:31:49.137641400
Card play successful.
2020-07-11T19:31:55.943475800
Arena: End Turn
2020-07-11T19:32:07.934908600
Arena: End Turn
2020-07-11T19:32:18.637156400
Arena: End Turn
2020-07-11T19:32:22.265693400
Arena: End Turn
2020-07-11T19:32:30.085413100
Mouse released: place a card: Gnomish Army Knife
2020-07-11T19:32:30.085413100
Card play successful.
2020-07-11T19:35:59.555127200
Mouse released: place a card: Friendly Smith
2020-07-11T19:35:59.556124400
Card play successful.
user logger opened.2020-07-11T19:38:12.842008700
Log in.
2020-07-11T19:38:24.948264200
Button click: Play
2020-07-11T19:38:51.470484700
Successfully changed hero to Rogue
2020-07-11T19:38:56.909766300
Arena: Finish Card Change
2020-07-11T19:39:00.821593800
Arena: Finish Card Change
2020-07-11T19:39:04.198918900
Mouse released: place a card: Friendly Smith
2020-07-11T19:39:04.198918900
Card play successful.
2020-07-11T19:40:05.654794400
Mouse released: place a card: Strength in Numbers
2020-07-11T19:40:05.654794400
Card play successful.
2020-07-11T19:40:11.272184700
Arena: End Turn
2020-07-11T19:40:16.548789900
Mouse released: place a card: Stonetusk Boar
2020-07-11T19:40:16.548789900
Card play successful.
2020-07-11T19:40:20.972419100
Arena: End Turn
2020-07-11T19:40:24.858631200
Mouse released: place a card: Novice Engineer
2020-07-11T19:40:24.858631200
Card play successful.
2020-07-11T19:40:28.697788500
Arena: End Turn
2020-07-11T19:40:43.172694900
Used hero Power
2020-07-11T19:40:47.852183700
Arena: End Turn
2020-07-11T19:40:55.430651100
Mouse released: place a card: Shadowfiend
2020-07-11T19:40:55.430651100
Card play successful.
2020-07-11T19:41:05.983507900
Arena: End Turn
2020-07-11T19:41:14.283654100
Mouse released: place a card: Bloodfen Raptor
2020-07-11T19:41:14.283654100
Card play successful.
2020-07-11T19:41:23.325482200
Arena: End Turn
2020-07-11T19:42:09.703648100
Arena: End Turn
2020-07-11T19:42:10.275544700
Arena: End Turn
2020-07-11T19:42:18.636956200
Mouse released: place a card: Security Rover
2020-07-11T19:42:18.637953600
Card play successful.
2020-07-11T19:42:26.731512100
Arena: End Turn
user logger opened.2020-07-11T19:58:21.727945400
Log in.
2020-07-11T19:58:23.577058300
Button click: Play
2020-07-11T19:58:32.959006100
Successfully changed hero to Rogue
2020-07-11T19:58:43.338053300
Arena: Finish Card Change
2020-07-11T19:58:48.686592600
Arena: Finish Card Change
2020-07-11T19:59:00.743986200
Mouse released: place a card: Goldshire Footman
2020-07-11T19:59:00.743986200
Card play successful.
2020-07-11T19:59:01.821960600
Arena: End Turn
2020-07-11T19:59:05.563933400
Mouse released: place a card: Strength in Numbers
2020-07-11T19:59:05.563933400
Card play successful.
2020-07-11T19:59:09.592943100
Arena: End Turn
2020-07-11T19:59:15.478961600
Mouse released: place a card: Bloodfen Raptor
2020-07-11T19:59:15.478961600
Card play successful.
2020-07-11T19:59:16.513940100
Arena: End Turn
2020-07-11T19:59:23.411951300
Arena: End Turn
2020-07-11T20:00:07.178846600
Arena: End Turn
2020-07-11T20:00:10.553797700
Arena: End Turn
2020-07-11T20:00:13.258823400
Arena: End Turn
2020-07-11T20:00:17.218756800
Arena: End Turn
2020-07-11T20:00:21.347739400
Mouse released: place a card: Depth Charge
2020-07-11T20:00:21.348736900
Card play successful.
2020-07-11T20:00:22.760848600
Arena: End Turn
2020-07-11T20:00:35.373730200
Mouse released: place a card: Goldshire Footman
2020-07-11T20:00:35.373730200
Card play successful.
2020-07-11T20:00:38.114717600
Mouse released: place a card: Goldshire Footman
2020-07-11T20:00:38.115715400
Card play successful.
2020-07-11T20:00:41.211038100
Arena: End Turn
2020-07-11T20:00:45.781722600
Mouse released: place a card: Sunreaver Warmage
2020-07-11T20:00:45.781722600
Card play successful.
2020-07-11T20:00:48.789660500
Arena: End Turn
2020-07-11T20:00:54.004684500
Mouse released: place a card: Swarm of locusts
2020-07-11T20:00:54.004684500
Card play successful.
2020-07-11T20:01:33.455694600
Arena: End Turn
2020-07-11T20:03:59.176364600
Mouse released: place a card: Stonetusk Boar
2020-07-11T20:03:59.176364600
Card play successful.
2020-07-11T20:04:04.611423800
Mouse released: place a card: Friendly Smith
2020-07-11T20:04:04.611423800
Card play successful.
2020-07-11T20:04:12.292426
Mouse released: place a card: Bloodfen Raptor
2020-07-11T20:04:12.292426
Card play successful.
2020-07-11T20:04:16.811365500
Mouse released: place a card: Goldshire Footman
2020-07-11T20:04:16.811365500
Card play successful.
2020-07-11T20:04:18.310344900
Arena: End Turn
2020-07-11T20:04:24.552420600
Mouse released: place a card: Security Rover
2020-07-11T20:04:24.552420600
Card play successful.
2020-07-11T20:04:29.326367400
Arena: End Turn
user logger opened.2020-07-11T20:09:06.233306500
Log in.
2020-07-11T20:09:08.416477700
Button click: Play
2020-07-11T20:09:17.264721300
Successfully changed hero to Paladin
2020-07-11T20:09:19.471286800
Arena: Finish Card Change
2020-07-11T20:09:21.932844500
Arena: Finish Card Change
2020-07-11T20:09:25.087976100
Mouse released: place a card: Strength in Numbers
2020-07-11T20:09:25.087976100
Card play successful.
2020-07-11T20:09:31.370949700
Arena: End Turn
2020-07-11T20:09:36.755923700
Mouse released: place a card: Strength in Numbers
2020-07-11T20:09:36.755923700
Card play successful.
2020-07-11T20:09:38.230924800
Arena: End Turn
2020-07-11T20:09:43.447961500
Mouse released: place a card: Novice Engineer
2020-07-11T20:09:43.448957700
Card play successful.
2020-07-11T20:09:44.800919600
Arena: End Turn
2020-07-11T20:09:47.530922
Mouse released: place a card: Novice Engineer
2020-07-11T20:09:47.530922
Card play successful.
2020-07-11T20:09:48.542921300
Arena: End Turn
2020-07-11T20:09:52.591832700
Arena: End Turn
2020-07-11T20:09:54.064910
Arena: End Turn
2020-07-11T20:09:58.698835900
Arena: End Turn
2020-07-11T20:10:08.243671300
Arena: End Turn
2020-07-11T20:10:11.060731100
Arena: End Turn
2020-07-11T20:10:12.693766500
Arena: End Turn
2020-07-11T20:10:13.570728700
Arena: End Turn
2020-07-11T20:10:17.617789500
Mouse released: place a card: Swarm of locusts
2020-07-11T20:10:17.617789500
Card play successful.
2020-07-11T20:10:30.636728100
Arena: End Turn
2020-07-11T20:10:38.877777600
Arena: End Turn
2020-07-11T20:10:41.620756100
Arena: End Turn
2020-07-11T20:10:57.090653700
Arena: End Turn
2020-07-11T20:11:01.842739500
Mouse released: place a card: Security Rover
2020-07-11T20:11:01.843737600
Card play successful.
2020-07-11T20:11:07.803340100
Arena: End Turn
user logger opened.2020-07-11T20:17:37.143174500
Log in.
2020-07-11T20:17:42.493645800
Button click: Play
2020-07-11T20:17:58.156853
Successfully changed hero to Warlock
2020-07-11T20:18:00.240424200
Arena: Finish Card Change
2020-07-11T20:18:03.895133200
Arena: Finish Card Change
2020-07-11T20:18:09.208613800
Mouse released: place a card: Stonetusk Boar
2020-07-11T20:18:09.209154200
Card play successful.
2020-07-11T20:18:10.425014400
Arena: End Turn
2020-07-11T20:18:13.667054900
Mouse released: place a card: Goldshire Footman
2020-07-11T20:18:13.667054900
Card play successful.
2020-07-11T20:18:15.262982400
Arena: End Turn
2020-07-11T20:18:19.453040500
Mouse released: place a card: Novice Engineer
2020-07-11T20:18:19.454034500
Card play successful.
2020-07-11T20:18:21.000002300
Arena: End Turn
2020-07-11T20:18:29.044
Mouse released: place a card: Novice Engineer
2020-07-11T20:18:29.044
Card play successful.
2020-07-11T20:18:31.112929
Arena: End Turn
2020-07-11T20:18:37.193488900
Mouse released: place a card: Goldshire Footman
2020-07-11T20:18:37.194486400
Card play successful.
2020-07-11T20:18:38.631183900
Arena: End Turn
2020-07-11T20:18:41.959367900
Mouse released: place a card: Shadowfiend
2020-07-11T20:18:41.959367900
Card play successful.
2020-07-11T20:18:57.104412300
Arena: End Turn
2020-07-11T20:19:02.355942
Arena: End Turn
2020-07-11T20:19:19.643966100
Arena: End Turn
2020-07-11T20:19:20.168098100
Arena: End Turn
2020-07-11T20:19:20.838093800
Arena: End Turn
2020-07-11T20:19:21.459963300
Arena: End Turn
2020-07-11T20:19:24.044049100
Mouse released: place a card: Swarm of locusts
2020-07-11T20:19:24.044049100
Card play successful.
user logger opened.2020-07-11T20:33:44.889425300
Log in.
2020-07-11T20:33:49.087172100
Button click: Play
2020-07-11T20:33:57.564037400
Successfully changed hero to Paladin
2020-07-11T20:34:00.371535800
Arena: Finish Card Change
2020-07-11T20:34:14.224761100
Arena: Finish Card Change
2020-07-11T20:34:27.477572200
Mouse released: place a card: Strength in Numbers
2020-07-11T20:34:27.478568600
Card play successful.
2020-07-11T20:34:29.102546800
Arena: End Turn
2020-07-11T20:34:33.060589300
Mouse released: place a card: Strength in Numbers
2020-07-11T20:34:33.060589300
Card play successful.
2020-07-11T20:34:34.301579900
Arena: End Turn
2020-07-11T20:34:38.502791100
Arena: End Turn
2020-07-11T20:34:41.573500700
Mouse released: place a card: Goldshire Footman
2020-07-11T20:34:41.574499400
Card play successful.
2020-07-11T20:34:43.728521
Mouse released: place a card: Shadowfiend
2020-07-11T20:34:43.728521
Card play successful.
2020-07-11T20:34:44.688546900
Arena: End Turn
2020-07-11T20:34:58.287448300
Used hero Power
2020-07-11T20:35:05.898393100
Arena: End Turn
2020-07-11T20:35:09.805827900
Mouse released: place a card: Goldshire Footman
2020-07-11T20:35:09.805827900
Card play successful.
2020-07-11T20:35:11.145326400
Arena: End Turn
2020-07-11T20:35:13.919341700
Arena: End Turn
2020-07-11T20:35:15.979338500
Arena: End Turn
2020-07-11T20:35:19.837450100
Mouse released: place a card: Curio Collector
2020-07-11T20:35:19.837450100
Card play successful.
2020-07-11T20:35:39.001291900
Arena: End Turn
2020-07-11T20:35:48.911504
Arena: End Turn
2020-07-11T20:36:02.151122800
Arena: End Turn
2020-07-11T20:36:14.278299200
Mouse released: place a card: Swarm of locusts
2020-07-11T20:36:14.279298400
Card play successful.
2020-07-11T20:39:23.808906100
Arena: End Turn
2020-07-11T20:39:27.438025
Mouse released: place a card: Security Rover
2020-07-11T20:39:27.438025
Card play successful.
2020-07-11T20:39:35.180895400
Arena: End Turn
2020-07-11T20:40:22.695736200
Arena: End Turn
2020-07-11T20:40:27.797931500
Mouse released: place a card: Novice Engineer
2020-07-11T20:40:27.797931500
Card play successful.
2020-07-11T20:40:31.619798900
Arena: End Turn
user logger opened.2020-07-11T20:41:11.971035
Log in.
2020-07-11T20:41:14.347539200
Button click: Play
2020-07-11T20:41:20.908302700
Error/Warning. The provided hero is already selected. Returning.
2020-07-11T20:41:22.831803700
Arena: Finish Card Change
2020-07-11T20:41:26.254440500
Arena: Finish Card Change
2020-07-11T20:41:31.099831400
Arena: End Turn
2020-07-11T20:41:31.440858100
Arena: End Turn
2020-07-11T20:41:31.672898300
Arena: End Turn
2020-07-11T20:41:31.867867100
Arena: End Turn
2020-07-11T20:41:32.060877500
Arena: End Turn
2020-07-11T20:41:32.256880100
Arena: End Turn
2020-07-11T20:41:32.441901500
Arena: End Turn
2020-07-11T20:41:32.623897100
Arena: End Turn
2020-07-11T20:41:36.363839100
Mouse released: place a card: Stonetusk Boar
2020-07-11T20:41:36.364836700
Card play successful.
2020-07-11T20:41:37.827838
Mouse released: place a card: Goldshire Footman
2020-07-11T20:41:37.827838
Card play successful.
2020-07-11T20:41:41.667826900
Arena: End Turn
2020-07-11T20:41:48.191863200
Mouse released: place a card: Security Rover
2020-07-11T20:41:48.192860400
Card play successful.
2020-07-11T20:41:51.736850900
Arena: End Turn
2020-07-11T20:41:55.657743200
Arena: End Turn
user logger opened.2020-07-11T20:46:49.401892900
Log in.
2020-07-11T20:46:51.838796600
Button click: Play
2020-07-11T20:47:02.109713600
Successfully changed hero to Paladin
2020-07-11T20:47:05.258821300
Arena: Finish Card Change
2020-07-11T20:47:07.328377200
Arena: Finish Card Change
2020-07-11T20:47:17.567312600
Mouse released: place a card: Novice Engineer
2020-07-11T20:47:17.567312600
Card play unsuccessful. Low on Mana.
2020-07-11T20:47:19.331318800
Arena: End Turn
2020-07-11T20:47:22.217271300
Mouse released: place a card: Strength in Numbers
2020-07-11T20:47:22.217271300
Card play successful.
2020-07-11T20:47:30.872296300
Mouse released: place a card: Novice Engineer
2020-07-11T20:47:30.872296300
Card play successful.
2020-07-11T20:47:34.437282400
Arena: End Turn
2020-07-11T20:47:48.471252600
Used hero Power
2020-07-11T20:47:49.761268700
Arena: End Turn
2020-07-11T20:47:57.895240900
Arena: End Turn
2020-07-11T20:48:09.249055
Mouse released: place a card: Novice Engineer
2020-07-11T20:48:09.249055
Card play successful.
2020-07-11T20:48:10.906053100
Arena: End Turn
2020-07-11T20:48:16.968160300
Mouse released: place a card: Goldshire Footman
2020-07-11T20:48:16.968160300
Card play successful.
2020-07-11T20:48:18.073069100
Arena: End Turn
2020-07-11T20:48:23.941038800
Arena: End Turn
2020-07-11T20:48:25.219901200
Arena: End Turn
2020-07-11T20:48:27.799942900
Arena: End Turn
2020-07-11T20:48:32.498982700
Mouse released: place a card: Shadowfiend
2020-07-11T20:48:32.499979900
Card play successful.
2020-07-11T20:48:38.036020700
Arena: End Turn
2020-07-11T20:48:42.820103100
Mouse released: place a card: Ashbringer
2020-07-11T20:48:42.820103100
Card play successful.
2020-07-11T20:49:27.672988900
Arena: End Turn
2020-07-11T20:49:45.125890500
Arena: End Turn
2020-07-11T20:49:47.120997700
Arena: End Turn
2020-07-11T20:49:49.079961900
Arena: End Turn
2020-07-11T20:49:55.140938900
Mouse released: place a card: Curio Collector
2020-07-11T20:49:55.140938900
Card play successful.
2020-07-11T20:49:56.345916800
Arena: End Turn
2020-07-11T20:50:03.257985
Mouse released: place a card: Shadowfiend
2020-07-11T20:50:03.257985
Card play successful.
2020-07-11T20:50:08.966992
Mouse released: place a card: Novice Engineer
2020-07-11T20:50:08.966992
Card play successful.
2020-07-11T20:50:18.592020200
Mouse released: place a card: Security Rover
2020-07-11T20:50:18.593018800
Card play successful.
2020-07-11T20:50:27.465909200
Arena: End Turn
2020-07-11T20:50:51.454079
Arena: End Turn
2020-07-11T20:51:00.546874600
Mouse released: place a card: Tomb warden
2020-07-11T20:51:00.546874600
Card play successful.
2020-07-11T20:52:19.723757700
Arena: End Turn
2020-07-11T20:52:24.236756100
Arena: End Turn
2020-07-11T20:52:25.334720800
Arena: End Turn
2020-07-11T20:52:48.609606
Mouse released: place a card: Tomb warden
2020-07-11T20:52:48.609606
Card play unsuccessful. Arena full.
user logger opened.2020-07-11T20:57:32.810319800
Log in.
2020-07-11T20:57:37.560415500
Button click: Play
2020-07-11T20:57:45.803190700
Error/Warning. The provided hero is already selected. Returning.
2020-07-11T20:57:49.877467900
Arena: Finish Card Change
2020-07-11T20:57:54.855203400
Arena: Finish Card Change
2020-07-11T20:57:58.839257
Mouse released: place a card: Stonetusk Boar
2020-07-11T20:57:58.839257
Card play successful.
2020-07-11T20:58:00.307271400
Arena: End Turn
2020-07-11T20:58:03.352233500
Mouse released: place a card: Strength in Numbers
2020-07-11T20:58:03.352233500
Card play successful.
2020-07-11T20:58:04.361236500
Arena: End Turn
2020-07-11T20:58:09.085224400
Arena: End Turn
2020-07-11T20:58:14.146493800
Mouse released: place a card: Goldshire Footman
2020-07-11T20:58:14.146493800
Card play successful.
2020-07-11T20:58:15.155862900
Arena: End Turn
2020-07-11T20:58:19.307696800
Mouse released: place a card: Shieldbearer
2020-07-11T20:58:19.307696800
Card play successful.
2020-07-11T20:58:21.816684
Mouse released: place a card: Divine Spirit
2020-07-11T20:58:21.816684
Card play successful.
2020-07-11T20:58:25.674902300
Arena: End Turn
2020-07-11T20:58:57.786768600
Mouse released: place a card: Divine Spirit
2020-07-11T20:58:57.786768600
Card play successful.
2020-07-11T20:58:59.686520300
Arena: End Turn
2020-07-11T20:59:05.263873100
Mouse released: place a card: Novice Engineer
2020-07-11T20:59:05.263873100
Card play successful.
2020-07-11T20:59:10.609365600
Used hero Power
2020-07-11T20:59:12.738446400
Arena: End Turn
2020-07-11T20:59:17.060465500
Mouse released: place a card: Goldshire Footman
2020-07-11T20:59:17.060465500
Card play successful.
2020-07-11T20:59:21.407301700
Arena: End Turn
2020-07-11T20:59:33.048325
Arena: End Turn
2020-07-11T20:59:41.535396600
Mouse released: place a card: Novice Engineer
2020-07-11T20:59:41.535396600
Card play successful.
2020-07-11T20:59:47.768431100
Mouse released: place a card: Shadowfiend
2020-07-11T20:59:47.768431100
Card play successful.
2020-07-11T21:00:02.468287300
Arena: End Turn
2020-07-11T21:00:03.552376300
Arena: End Turn
2020-07-11T21:00:07.290770900
Arena: End Turn
2020-07-11T21:00:08.265370900
Arena: End Turn
2020-07-11T21:00:23.376426500
Mouse released: place a card: Shadowfiend
2020-07-11T21:00:23.376426500
Card play successful.
2020-07-11T21:00:28.492273900
Arena: End Turn
2020-07-11T21:00:30.135373500
Arena: End Turn
2020-07-11T21:00:40.561349100
Mouse released: place a card: Tomb warden
2020-07-11T21:00:40.561349100
Card play successful.
2020-07-11T21:01:12.368127100
Arena: End Turn
2020-07-11T21:01:19.177160600
Mouse released: place a card: Holy Fire
2020-07-11T21:01:19.177160600
Card play successful.
2020-07-11T21:01:27.296175100
Arena: End Turn
2020-07-11T21:01:30.096101700
Arena: End Turn
2020-07-11T21:01:36.162311100
Mouse released: place a card: Holy Fire
2020-07-11T21:01:36.162311100
Card play successful.
2020-07-11T21:02:26.754022100
Arena: End Turn
2020-07-11T21:02:29.798085600
Arena: End Turn
2020-07-11T21:02:31.929903900
Mouse released: place a card: Goldshire Footman
2020-07-11T21:02:31.929903900
Card play successful.
2020-07-11T21:02:34.865104100
Mouse released: place a card: Goldshire Footman
2020-07-11T21:02:34.865104100
Card play successful.
2020-07-11T21:02:43.365056500
Mouse released: place a card: Arcane Missiles
2020-07-11T21:02:43.365056500
Card play successful.
2020-07-11T21:02:49.784979
Mouse released: place a card: Stonetusk Boar
2020-07-11T21:02:49.784979
Card play successful.
2020-07-11T21:02:57.042417400
Mouse released: place a card: Polymorph
2020-07-11T21:02:57.042417400
Card play successful.
2020-07-11T21:03:04.337060900
Arena: End Turn
2020-07-11T21:03:04.897245900
Arena: End Turn
2020-07-11T21:03:09.990267400
Mouse released: place a card: Lord of the Arena
2020-07-11T21:03:09.990267400
Card play successful.
user logger opened.2020-07-11T21:58:11.108383400
Log in.
2020-07-11T21:58:14.331783800
Button click: Shop
