Username: tt
user ID: 1
Password Hash:bcbc7dd0ee672c482f445f51b4c7bf7e35578f2782e5c06f3445003444316062
Creation Time: 2020-07-10T12:12:54.013716
Deleted At:









User logs:
user logger opened.2020-07-10T12:12:54.135264
Deck creation successful
2020-07-10T12:12:54.275888100
Deck creation successful
2020-07-10T12:12:54.407540
Deck creation successful
2020-07-10T12:12:54.534200300
Deck creation successful
2020-07-10T12:12:54.643423700
Deck creation successful
2020-07-10T12:12:54.956123800
The current Balance of the user 100
2020-07-10T12:12:54.956123800
Your current hero: Mage with hero level: 1
2020-07-10T12:12:58.605565900
Button click: Status
2020-07-10T12:13:00.421239100
Collection -> Show deck: Mage: Default deck
2020-07-10T12:13:02.824040400
Button click: Back
2020-07-10T12:13:03.772712200
Button click: Play
2020-07-10T12:13:05.181554100
Error/Warning. The provided hero is already selected. Returning.
2020-07-10T12:13:09.135722500
Arena: Finish Card Change
2020-07-10T12:13:11.121538900
Arena: Finish Card Change
2020-07-10T12:13:14.363649600
Mouse released: place a card: Arcane Missiles
2020-07-10T12:13:14.364647800
Card play successful.
2020-07-10T12:13:17.423502600
Mouse released: place a card: Arcane Missiles
2020-07-10T12:13:17.424501200
Card play successful.
2020-07-10T12:13:19.264354400
Arena: End Turn
2020-07-10T12:13:20.570173300
Mouse released: place a card: Shieldbearer
2020-07-10T12:13:20.570173300
Card play successful.
2020-07-10T12:13:21.469941100
Arena: End Turn
2020-07-10T12:13:23.372329200
Mouse released: place a card: Novice Engineer
2020-07-10T12:13:23.372329200
Card play successful.
2020-07-10T12:13:24.310616800
Arena: End Turn
2020-07-10T12:13:26.613571
Mouse released: place a card: Shieldbearer
2020-07-10T12:13:26.613571
Card play successful.
2020-07-10T12:13:28.929574700
Arena: End Turn
2020-07-10T12:13:30.295643800
Mouse released: place a card: Stonetusk Boar
2020-07-10T12:13:30.295643800
Card play successful.
2020-07-10T12:13:33.573345200
Arena: End Turn
2020-07-10T12:13:35.901874500
Mouse released: place a card: Stonetusk Boar
2020-07-10T12:13:35.901874500
Card play successful.
2020-07-10T12:13:36.901710100
Arena: End Turn
2020-07-10T12:13:39.826108200
Arena: End Turn
2020-07-10T12:13:41.446392300
Button click: Back
2020-07-10T12:13:46.590112900
Button click: Status
2020-07-10T12:13:49.311596
Collection -> Show deck: Mage: Default deck
user logger opened.2020-07-10T12:16:35.606145300
Log in.
2020-07-10T12:16:38.001577200
Button click: Status
2020-07-10T12:16:39.439775900
Collection -> Show deck: Mage: Default deck
user logger opened.2020-07-10T12:16:53.782554800
Log in.
2020-07-10T12:16:55.529693600
Button click: Play
2020-07-10T12:16:57.489023800
Error/Warning. The provided hero is already selected. Returning.
2020-07-10T12:16:58.978542400
Arena: Finish Card Change
2020-07-10T12:17:00.221254
Arena: Finish Card Change
2020-07-10T12:17:05.513878100
Mouse released: place a card: Stonetusk Boar
2020-07-10T12:17:05.514876800
Card play successful.
2020-07-10T12:17:06.682143600
Arena: End Turn
2020-07-10T12:17:13.302674300
Mouse released: place a card: Shieldbearer
2020-07-10T12:17:13.302674300
Card play successful.
2020-07-10T12:17:14.448675300
Arena: End Turn
2020-07-10T12:17:16.828121
Mouse released: place a card: Divine Spirit
2020-07-10T12:17:16.828121
Card play successful.
2020-07-10T12:18:14.641756700
Button click: Back
user logger opened.2020-07-10T12:19:39.153619500
Log in.
2020-07-10T12:19:41.513661900
Button click: Play
2020-07-10T12:19:42.901040
Error/Warning. The provided hero is already selected. Returning.
2020-07-10T12:19:44.670568900
Arena: Finish Card Change
2020-07-10T12:19:45.645960400
Arena: Finish Card Change
2020-07-10T12:19:47.314012900
Mouse released: place a card: Goldshire Footman
2020-07-10T12:19:47.314012900
Card play successful.
2020-07-10T12:19:48.315369700
Arena: End Turn
2020-07-10T12:19:50.083260600
Mouse released: place a card: Divine Spirit
2020-07-10T12:19:50.083260600
Card play unsuccessful. Low on Mana.
2020-07-10T12:19:51.887655800
Arena: End Turn
2020-07-10T12:19:53.936822400
Mouse released: place a card: Regenerate
2020-07-10T12:19:53.936822400
Card play successful.
user logger opened.2020-07-10T12:22:30.324164500
Log in.
2020-07-10T12:22:31.806758900
Button click: Play
2020-07-10T12:22:34.285396300
Error/Warning. The provided hero is already selected. Returning.
2020-07-10T12:22:36.915719700
Arena: Finish Card Change
2020-07-10T12:22:37.988731300
Arena: Finish Card Change
2020-07-10T12:22:42.485927500
Arena: End Turn
2020-07-10T12:22:43.644818400
Arena: End Turn
2020-07-10T12:22:49.545596200
Arena: End Turn
2020-07-10T12:22:57.567194700
Arena: End Turn
2020-07-10T12:23:01.226975800
Mouse released: place a card: Holy Fire
2020-07-10T12:23:01.226975800
Card play unsuccessful. Low on Mana.
2020-07-10T12:23:05.101762500
Arena: End Turn
2020-07-10T12:23:05.492717
Arena: End Turn
2020-07-10T12:23:05.755035300
Arena: End Turn
2020-07-10T12:23:05.919598200
Arena: End Turn
2020-07-10T12:23:06.268175700
Arena: End Turn
2020-07-10T12:23:06.421763800
Arena: End Turn
2020-07-10T12:23:10.723460300
Mouse released: place a card: Holy Fire
2020-07-10T12:23:10.723460300
Card play successful.
2020-07-10T12:24:06.596212100
Null provided to deal damage. This could be due to user timer finish and the users inabilityto choose a valid target in the specified time.
user logger opened.2020-07-10T13:29:03.231130700
Log in.
2020-07-10T13:30:55.360137300
Button click: Play
2020-07-10T13:30:56.766374400
Error/Warning. The provided hero is already selected. Returning.
2020-07-10T13:30:57.894358500
Arena: Finish Card Change
2020-07-10T13:30:58.514695800
Arena: Finish Card Change
2020-07-10T13:31:02.634673100
Mouse released: place a card: Stonetusk Boar
2020-07-10T13:31:02.634673100
Card play successful.
2020-07-10T13:31:04.168570
Arena: End Turn
2020-07-10T13:31:14.581709600
Mouse released: place a card: Stonetusk Boar
2020-07-10T13:31:14.581709600
Card play successful.
2020-07-10T13:31:15.860289100
Arena: End Turn
2020-07-10T13:31:19.537451200
Arena: End Turn
2020-07-10T13:31:19.732929200
Arena: End Turn
2020-07-10T13:31:19.903471700
Arena: End Turn
2020-07-10T13:31:20.074016500
Arena: End Turn
2020-07-10T13:31:20.232592100
Arena: End Turn
2020-07-10T13:31:20.951668100
Arena: End Turn
2020-07-10T13:31:21.632845200
Arena: End Turn
2020-07-10T13:31:21.876202900
Arena: End Turn
2020-07-10T13:31:24.970914200
Mouse released: place a card: Holy Fire
2020-07-10T13:31:24.970914200
Card play successful.
2020-07-10T13:32:22.012194800
Null provided to deal damage. This could be due to user timer finish and the users inabilityto choose a valid target in the specified time.
user logger opened.2020-07-10T13:35:28.170271500
Log in.
2020-07-10T13:35:30.551899800
Button click: Play
2020-07-10T13:35:32.791916100
Error/Warning. The provided hero is already selected. Returning.
2020-07-10T13:35:34.694814800
Arena: Finish Card Change
2020-07-10T13:35:35.522602100
Arena: Finish Card Change
2020-07-10T13:35:38.372974
Arena: End Turn
2020-07-10T13:35:38.543518400
Arena: End Turn
2020-07-10T13:35:38.726030100
Arena: End Turn
2020-07-10T13:35:38.933474600
Arena: End Turn
2020-07-10T13:35:39.129949500
Arena: End Turn
2020-07-10T13:35:39.365320
Arena: End Turn
2020-07-10T13:35:39.548828900
Arena: End Turn
2020-07-10T13:35:39.872961300
Arena: End Turn
2020-07-10T13:35:39.950754200
Arena: End Turn
2020-07-10T13:35:40.340709900
Arena: End Turn
2020-07-10T13:35:40.423487700
Arena: End Turn
2020-07-10T13:35:42.636567300
Arena: End Turn
2020-07-10T13:35:45.806087700
Mouse released: place a card: Holy Fire
2020-07-10T13:35:45.806087700
Card play successful.
2020-07-10T13:36:42.734080500
Null provided to deal damage. This could be due to user timer finish and the users inabilityto choose a valid target in the specified time.
user logger opened.2020-07-10T13:45:33.677237600
Log in.
2020-07-10T13:45:35.198168500
Button click: Play
2020-07-10T13:45:38.107475500
Error/Warning. The provided hero is already selected. Returning.
2020-07-10T13:45:41.657978200
Arena: Finish Card Change
2020-07-10T13:45:44.766660800
Arena: Finish Card Change
2020-07-10T13:45:46.314518200
Arena: End Turn
2020-07-10T13:45:46.667573300
Arena: End Turn
2020-07-10T13:45:48.218423900
Mouse released: place a card: Shieldbearer
2020-07-10T13:45:48.218423900
Card play successful.
2020-07-10T13:45:49.300529400
Arena: End Turn
2020-07-10T13:45:49.484038200
Arena: End Turn
2020-07-10T13:45:49.654583200
Arena: End Turn
2020-07-10T13:45:49.885964200
Arena: End Turn
2020-07-10T13:45:50.038555
Arena: End Turn
2020-07-10T13:45:50.331770900
Arena: End Turn
2020-07-10T13:45:50.396597100
Arena: End Turn
2020-07-10T13:45:50.959092400
Arena: End Turn
2020-07-10T13:45:54.348025400
Arena: End Turn
2020-07-10T13:46:45.236306800
Mouse released: place a card: Holy Fire
2020-07-10T13:46:45.237291200
Card play successful.
user logger opened.2020-07-10T13:50:07.662805400
Log in.
2020-07-10T13:50:11.375872200
Button click: Play
2020-07-10T13:50:12.658440900
Error/Warning. The provided hero is already selected. Returning.
2020-07-10T13:50:13.936022
Arena: Finish Card Change
2020-07-10T13:50:15.898771700
Arena: Finish Card Change
2020-07-10T13:50:18.020095700
Arena: End Turn
2020-07-10T13:50:18.362180800
Arena: End Turn
2020-07-10T13:50:18.678334300
Arena: End Turn
2020-07-10T13:50:18.885779600
Arena: End Turn
2020-07-10T13:50:19.116162500
Arena: End Turn
2020-07-10T13:50:19.288701700
Arena: End Turn
2020-07-10T13:50:19.598872
Arena: End Turn
2020-07-10T13:50:19.782381300
Arena: End Turn
2020-07-10T13:50:20.178321200
Arena: End Turn
2020-07-10T13:50:20.252124200
Arena: End Turn
2020-07-10T13:50:20.534369600
Arena: End Turn
2020-07-10T13:50:20.615152500
Arena: End Turn
2020-07-10T13:50:20.660033
Arena: End Turn
2020-07-10T13:50:20.946267700
Arena: End Turn
2020-07-10T13:50:23.653024
Arena: End Turn
2020-07-10T13:50:26.701867900
Mouse released: place a card: Novice Engineer
2020-07-10T13:50:26.701867900
Card play successful.
2020-07-10T13:50:27.737097500
Arena: End Turn
2020-07-10T13:50:30.455823700
Mouse released: place a card: Holy Fire
2020-07-10T13:50:30.455823700
Card play successful.
2020-07-10T13:50:59.359494100
Mouse released: place a card: Holy Fire
2020-07-10T13:50:59.359494100
Card play unsuccessful. Low on Mana.
2020-07-10T13:51:02.492113100
Arena: End Turn
2020-07-10T13:51:03.370762200
Arena: End Turn
2020-07-10T13:51:06.490415900
Mouse released: place a card: Holy Fire
2020-07-10T13:51:06.491413600
Card play successful.
2020-07-10T13:51:11.510983800
Mouse released: place a card: Shieldbearer
2020-07-10T13:51:11.510983800
Card play successful.
user logger opened.2020-07-10T13:55:41.530426
Log in.
2020-07-10T13:55:43.609861500
Button click: Play
2020-07-10T13:55:45.637437900
Error/Warning. The provided hero is already selected. Returning.
2020-07-10T13:55:46.838225500
Arena: Finish Card Change
2020-07-10T13:55:47.422661700
Arena: Finish Card Change
2020-07-10T13:55:52.337512100
Mouse released: place a card: Shieldbearer
2020-07-10T13:55:52.337512100
Card play successful.
2020-07-10T13:55:53.321878900
Arena: End Turn
2020-07-10T13:55:55.310557300
Mouse released: place a card: Goldshire Footman
2020-07-10T13:55:55.310557300
Card play successful.
2020-07-10T13:55:56.284951100
Arena: End Turn
2020-07-10T13:55:56.491398
Arena: End Turn
2020-07-10T13:55:56.640998800
Arena: End Turn
2020-07-10T13:55:56.980090900
Arena: End Turn
2020-07-10T13:55:57.197510900
Arena: End Turn
2020-07-10T13:55:57.328159500
Arena: End Turn
2020-07-10T13:55:57.617387100
Arena: End Turn
2020-07-10T13:55:57.678223500
Arena: End Turn
2020-07-10T13:55:58.009338900
Arena: End Turn
2020-07-10T13:55:58.085136
Arena: End Turn
2020-07-10T13:55:58.502020700
Arena: End Turn
2020-07-10T13:56:01.294548400
Arena: End Turn
2020-07-10T13:56:05.427490600
Mouse released: place a card: Holy Fire
2020-07-10T13:56:05.427490600
Card play successful.
user logger opened.2020-07-10T15:40:05.324170100
Log in.
2020-07-10T15:40:08.347904100
Button click: Play
2020-07-10T15:40:09.458505700
Error/Warning. The provided hero is already selected. Returning.
2020-07-10T15:40:11.196993
Arena: Finish Card Change
2020-07-10T15:40:12.095668900
Arena: Finish Card Change
2020-07-10T15:40:15.918603900
Mouse released: place a card: Lord of the Arena
2020-07-10T15:40:15.918603900
Card play unsuccessful. Low on Mana.
2020-07-10T15:40:16.854101
Arena: End Turn
2020-07-10T15:40:17.060548400
Arena: End Turn
2020-07-10T15:40:17.266996500
Arena: End Turn
2020-07-10T15:40:17.461476400
Arena: End Turn
2020-07-10T15:40:17.704825600
Arena: End Turn
2020-07-10T15:40:17.912122300
Arena: End Turn
2020-07-10T15:40:18.094638200
Arena: End Turn
2020-07-10T15:40:18.313049500
Arena: End Turn
2020-07-10T15:40:20.466490900
Mouse released: place a card: Shieldbearer
2020-07-10T15:40:20.467489100
Card play successful.
2020-07-10T15:40:21.829750700
Arena: End Turn
2020-07-10T15:40:23.911148100
Mouse released: place a card: Stonetusk Boar
2020-07-10T15:40:23.911148100
Card play successful.
2020-07-10T15:40:24.859244700
Arena: End Turn
2020-07-10T15:40:30.095051900
Mouse released: place a card: Holy Fire
2020-07-10T15:40:30.095051900
Card play successful.
user logger opened.2020-07-10T15:45:53.313616700
Log in.
2020-07-10T15:45:54.953738800
Button click: Play
2020-07-10T15:45:56.347606200
Error/Warning. The provided hero is already selected. Returning.
2020-07-10T15:45:57.620932700
Arena: Finish Card Change
2020-07-10T15:45:59.057744200
Arena: Finish Card Change
2020-07-10T15:46:02.920629500
Mouse released: place a card: Stonetusk Boar
2020-07-10T15:46:02.920629500
Card play successful.
2020-07-10T15:46:03.771801800
Arena: End Turn
2020-07-10T15:46:04.087681
Arena: End Turn
2020-07-10T15:46:04.270200500
Arena: End Turn
2020-07-10T15:46:04.465429800
Arena: End Turn
2020-07-10T15:46:04.659909900
Arena: End Turn
2020-07-10T15:46:04.843421800
Arena: End Turn
2020-07-10T15:46:06.535763300
Arena: End Turn
2020-07-10T15:46:08.934899900
Mouse released: place a card: Goldshire Footman
2020-07-10T15:46:08.934899900
Card play successful.
2020-07-10T15:46:09.762905700
Arena: End Turn
2020-07-10T15:46:10.152858600
Arena: End Turn
2020-07-10T15:46:10.347338100
Arena: End Turn
2020-07-10T15:46:10.541818400
Arena: End Turn
2020-07-10T15:46:10.749775600
Arena: End Turn
2020-07-10T15:46:10.967198900
Arena: End Turn
2020-07-10T15:46:11.186151600
Arena: End Turn
2020-07-10T15:46:11.389637100
Arena: End Turn
2020-07-10T15:46:11.579130400
Arena: End Turn
2020-07-10T15:46:11.847412900
Arena: End Turn
2020-07-10T15:46:13.087095900
Arena: End Turn
2020-07-10T15:46:18.933094800
Mouse released: place a card: Holy Fire
2020-07-10T15:46:18.933094800
Card play successful.
user logger opened.2020-07-10T15:58:07.847465300
Log in.
2020-07-10T15:58:09.793575300
Button click: Play
2020-07-10T15:58:11.870520900
Error/Warning. The provided hero is already selected. Returning.
2020-07-10T15:58:13.573242400
Arena: Finish Card Change
2020-07-10T15:58:14.683182700
Arena: Finish Card Change
2020-07-10T15:58:18.740525300
Mouse released: place a card: Shieldbearer
2020-07-10T15:58:18.740525300
Card play successful.
2020-07-10T15:58:19.641292600
Arena: End Turn
2020-07-10T15:58:21.969698200
Mouse released: place a card: Shieldbearer
2020-07-10T15:58:21.970695800
Card play successful.
2020-07-10T15:58:22.822932200
Arena: End Turn
2020-07-10T15:58:39.407185200
Arena: End Turn
2020-07-10T15:58:41.965406100
Mouse released: place a card: Stonetusk Boar
2020-07-10T15:58:41.965406100
Card play successful.
2020-07-10T15:58:45.256112300
Mouse released: place a card: Shieldbearer
2020-07-10T15:58:45.256112300
Card play successful.
2020-07-10T15:58:48.680079400
Arena: End Turn
2020-07-10T15:58:51.752525600
Mouse released: place a card: Stonetusk Boar
2020-07-10T15:58:51.752525600
Card play successful.
2020-07-10T15:59:11.208497
Arena: End Turn
2020-07-10T15:59:18.703217200
Mouse released: place a card: Goldshire Footman
2020-07-10T15:59:18.703217200
Card play successful.
2020-07-10T15:59:26.780778300
Arena: End Turn
2020-07-10T15:59:29.011378700
Mouse released: place a card: Arcane Missiles
2020-07-10T15:59:29.011378700
Card play successful.
2020-07-10T15:59:44.558561900
Mouse released: place a card: Holy Fire
2020-07-10T15:59:44.559559400
Card play unsuccessful. Low on Mana.
2020-07-10T15:59:47.131202400
Mouse released: place a card: Holy Fire
2020-07-10T15:59:47.131202400
Card play unsuccessful. Low on Mana.
2020-07-10T15:59:48.482791700
Arena: End Turn
2020-07-10T15:59:52.772868100
Mouse released: place a card: Novice Engineer
2020-07-10T15:59:52.772868100
Card play successful.
2020-07-10T15:59:56.964358300
Arena: End Turn
2020-07-10T15:59:59.563932400
Mouse released: place a card: Shieldbearer
2020-07-10T15:59:59.563932400
Card play successful.
2020-07-10T16:00:08.078548
Mouse released: place a card: Regenerate
2020-07-10T16:00:08.078548
Card play successful.
2020-07-10T16:00:28.382617500
Arena: End Turn
2020-07-10T16:00:34.755702
Mouse released: place a card: Regenerate
2020-07-10T16:00:34.755702
Card play successful.
user logger opened.2020-07-10T16:02:37.421429300
Log in.
2020-07-10T16:02:39.105910900
Button click: Play
2020-07-10T16:02:40.599847300
Error/Warning. The provided hero is already selected. Returning.
2020-07-10T16:02:41.664583200
Arena: Finish Card Change
2020-07-10T16:02:42.384657500
Arena: Finish Card Change
2020-07-10T16:02:47.369183100
Arena: End Turn
2020-07-10T16:02:47.538728600
Arena: End Turn
2020-07-10T16:02:47.697305200
Arena: End Turn
2020-07-10T16:02:48.527250200
Arena: End Turn
2020-07-10T16:02:51.528002700
Mouse released: place a card: Novice Engineer
2020-07-10T16:02:51.528002700
Card play successful.
2020-07-10T16:02:55.035045
Mouse released: place a card: Goldshire Footman
2020-07-10T16:02:55.036042800
Card play successful.
2020-07-10T16:03:01.725016700
Arena: End Turn
2020-07-10T16:03:04.212015700
Mouse released: place a card: Shieldbearer
2020-07-10T16:03:04.212015700
Card play successful.
2020-07-10T16:03:13.990864400
Mouse released: place a card: Novice Engineer
2020-07-10T16:03:13.990864400
Card play successful.
2020-07-10T16:03:17.189556800
Arena: End Turn
2020-07-10T16:03:29.767264300
Arena: End Turn
2020-07-10T16:03:31.717267300
Mouse released: place a card: Regenerate
2020-07-10T16:03:31.718264100
Card play successful.
2020-07-10T16:03:49.292430300
Arena: End Turn
2020-07-10T16:03:53.400476100
Arena: End Turn
2020-07-10T16:03:53.668780500
Arena: End Turn
2020-07-10T16:03:55.571270800
Mouse released: place a card: Holy Fire
2020-07-10T16:03:55.571270800
Card play successful.
2020-07-10T16:04:01.956740600
Arena: End Turn
2020-07-10T16:04:04.433226700
Mouse released: place a card: Holy Fire
2020-07-10T16:04:04.433226700
Card play successful.
2020-07-10T16:04:17.193895
Arena: End Turn
2020-07-10T16:05:33.269961400
Arena: End Turn
2020-07-10T16:05:37.757671800
Mouse released: place a card: Holy Fire
2020-07-10T16:05:37.757671800
Card play successful.
user logger opened.2020-07-10T16:43:25.524314
Log in.
2020-07-10T16:43:29.886838300
Button click: Play
2020-07-10T16:43:31.560131400
Error/Warning. The provided hero is already selected. Returning.
